<?xml version="1.0" encoding="UTF-8"?>
<!-- Generated by org.testng.reporters.JUnitReportReporter -->
<testsuite name="com.liangxin.testcase.loginTest" tests="2" time="4.225" ignored="0" failures="0" timestamp="29 十月 2017 08:00:17 GMT" skipped="0" hostname="LenovoPC" errors="1">
  <testcase name="lodinTest01" time="4.208" classname="com.liangxin.testcase.loginTest"/>
  <testcase name="faillodinTest01" time="0.017" classname="com.liangxin.testcase.loginTest">
    <error type="java.lang.StackOverflowError">
      <![CDATA[java.lang.StackOverflowError
	at com.liangxin.actions.LoginfailOperate.getLoginName(LoginfailOperate.java:50)
	at com.liangxin.actions.LoginfailOperate.getLoginName(LoginfailOperate.java:50)
	at com.liangxin.actions.LoginfailOperate.getLoginName(LoginfailOperate.java:50)
	at com.liangxin.actions.LoginfailOperate.getLoginName(LoginfailOperate.java:50)
	at com.liangxin.actions.LoginfailOperate.getLoginName(LoginfailOperate.java:50)
	at com.liangxin.actions.LoginfailOperate.getLoginName(LoginfailOperate.java:50)
	at com.liangxin.actions.LoginfailOperate.getLoginName(LoginfailOperate.java:50)
	at com.liangxin.actions.LoginfailOperate.getLoginName(LoginfailOperate.java:50)
	at com.liangxin.actions.LoginfailOperate.getLoginName(LoginfailOperate.java:50)
	at com.liangxin.actions.LoginfailOperate.getLoginName(LoginfailOperate.java:50)
	at com.liangxin.actions.LoginfailOperate.getLoginName(LoginfailOperate.java:50)
	at com.liangxin.actions.LoginfailOperate.getLoginName(LoginfailOperate.java:50)
	at com.liangxin.actions.LoginfailOperate.getLoginName(LoginfailOperate.java:50)
	at com.liangxin.actions.LoginfailOperate.getLoginName(LoginfailOperate.java:50)
	at com.liangxin.actions.LoginfailOperate.getLoginName(LoginfailOperate.java:50)
	at com.liangxin.actions.LoginfailOperate.getLoginName(LoginfailOperate.java:50)
	at com.liangxin.actions.LoginfailOperate.getLoginName(LoginfailOperate.java:50)
	at com.liangxin.actions.LoginfailOperate.getLoginName(LoginfailOperate.java:50)
	at com.liangxin.actions.LoginfailOperate.getLoginName(LoginfailOperate.java:50)
	at com.liangxin.actions.LoginfailOperate.getLoginName(LoginfailOperate.java:50)
	at com.liangxin.actions.LoginfailOperate.getLoginName(LoginfailOperate.java:50)
	at com.liangxin.actions.LoginfailOperate.getLoginName(LoginfailOperate.java:50)
	at com.liangxin.actions.LoginfailOperate.getLoginName(LoginfailOperate.java:50)
	at com.liangxin.actions.LoginfailOperate.getLoginName(LoginfailOperate.java:50)
	at com.liangxin.actions.LoginfailOperate.getLoginName(LoginfailOperate.java:50)
	at com.liangxin.actions.LoginfailOperate.getLoginName(LoginfailOperate.java:50)
	at com.liangxin.actions.LoginfailOperate.getLoginName(LoginfailOperate.java:50)
	at com.liangxin.actions.LoginfailOperate.getLoginName(LoginfailOperate.java:50)
	at com.liangxin.actions.LoginfailOperate.getLoginName(LoginfailOperate.java:50)
	at com.liangxin.actions.LoginfailOperate.getLoginName(LoginfailOperate.java:50)
	at com.liangxin.actions.LoginfailOperate.getLoginName(LoginfailOperate.java:50)
	at com.liangxin.actions.LoginfailOperate.getLoginName(LoginfailOperate.java:50)
	at com.liangxin.actions.LoginfailOperate.getLoginName(LoginfailOperate.java:50)
	at com.liangxin.actions.LoginfailOperate.getLoginName(LoginfailOperate.java:50)
	at com.liangxin.actions.LoginfailOperate.getLoginName(LoginfailOperate.java:50)
	at com.liangxin.actions.LoginfailOperate.getLoginName(LoginfailOperate.java:50)
	at com.liangxin.actions.LoginfailOperate.getLoginName(LoginfailOperate.java:50)
	at com.liangxin.actions.LoginfailOperate.getLoginName(LoginfailOperate.java:50)
	at com.liangxin.actions.LoginfailOperate.getLoginName(LoginfailOperate.java:50)
	at com.liangxin.actions.LoginfailOperate.getLoginName(LoginfailOperate.java:50)
	at com.liangxin.actions.LoginfailOperate.getLoginName(LoginfailOperate.java:50)
	at com.liangxin.actions.LoginfailOperate.getLoginName(LoginfailOperate.java:50)
	at com.liangxin.actions.LoginfailOperate.getLoginName(LoginfailOperate.java:50)
	at com.liangxin.actions.LoginfailOperate.getLoginName(LoginfailOperate.java:50)
	at com.liangxin.actions.LoginfailOperate.getLoginName(LoginfailOperate.java:50)
	at com.liangxin.actions.LoginfailOperate.getLoginName(LoginfailOperate.java:50)
	at com.liangxin.actions.LoginfailOperate.getLoginName(LoginfailOperate.java:50)
	at com.liangxin.actions.LoginfailOperate.getLoginName(LoginfailOperate.java:50)
	at com.liangxin.actions.LoginfailOperate.getLoginName(LoginfailOperate.java:50)
	at com.liangxin.actions.LoginfailOperate.getLoginName(LoginfailOperate.java:50)
	at com.liangxin.actions.LoginfailOperate.getLoginName(LoginfailOperate.java:50)
	at com.liangxin.actions.LoginfailOperate.getLoginName(LoginfailOperate.java:50)
	at com.liangxin.actions.LoginfailOperate.getLoginName(LoginfailOperate.java:50)
	at com.liangxin.actions.LoginfailOperate.getLoginName(LoginfailOperate.java:50)
	at com.liangxin.actions.LoginfailOperate.getLoginName(LoginfailOperate.java:50)
	at com.liangxin.actions.LoginfailOperate.getLoginName(LoginfailOperate.java:50)
	at com.liangxin.actions.LoginfailOperate.getLoginName(LoginfailOperate.java:50)
	at com.liangxin.actions.LoginfailOperate.getLoginName(LoginfailOperate.java:50)
	at com.liangxin.actions.LoginfailOperate.getLoginName(LoginfailOperate.java:50)
	at com.liangxin.actions.LoginfailOperate.getLoginName(LoginfailOperate.java:50)
	at com.liangxin.actions.LoginfailOperate.getLoginName(LoginfailOperate.java:50)
	at com.liangxin.actions.LoginfailOperate.getLoginName(LoginfailOperate.java:50)
	at com.liangxin.actions.LoginfailOperate.getLoginName(LoginfailOperate.java:50)
	at com.liangxin.actions.LoginfailOperate.getLoginName(LoginfailOperate.java:50)
	at com.liangxin.actions.LoginfailOperate.getLoginName(LoginfailOperate.java:50)
	at com.liangxin.actions.LoginfailOperate.getLoginName(LoginfailOperate.java:50)
	at com.liangxin.actions.LoginfailOperate.getLoginName(LoginfailOperate.java:50)
	at com.liangxin.actions.LoginfailOperate.getLoginName(LoginfailOperate.java:50)
	at com.liangxin.actions.LoginfailOperate.getLoginName(LoginfailOperate.java:50)
	at com.liangxin.actions.LoginfailOperate.getLoginName(LoginfailOperate.java:50)
	at com.liangxin.actions.LoginfailOperate.getLoginName(LoginfailOperate.java:50)
	at com.liangxin.actions.LoginfailOperate.getLoginName(LoginfailOperate.java:50)
	at com.liangxin.actions.LoginfailOperate.getLoginName(LoginfailOperate.java:50)
	at com.liangxin.actions.LoginfailOperate.getLoginName(LoginfailOperate.java:50)
	at com.liangxin.actions.LoginfailOperate.getLoginName(LoginfailOperate.java:50)
	at com.liangxin.actions.LoginfailOperate.getLoginName(LoginfailOperate.java:50)
	at com.liangxin.actions.LoginfailOperate.getLoginName(LoginfailOperate.java:50)
	at com.liangxin.actions.LoginfailOperate.getLoginName(LoginfailOperate.java:50)
	at com.liangxin.actions.LoginfailOperate.getLoginName(LoginfailOperate.java:50)
	at com.liangxin.actions.LoginfailOperate.getLoginName(LoginfailOperate.java:50)
	at com.liangxin.actions.LoginfailOperate.getLoginName(LoginfailOperate.java:50)
	at com.liangxin.actions.LoginfailOperate.getLoginName(LoginfailOperate.java:50)
	at com.liangxin.actions.LoginfailOperate.getLoginName(LoginfailOperate.java:50)
	at com.liangxin.actions.LoginfailOperate.getLoginName(LoginfailOperate.java:50)
	at com.liangxin.actions.LoginfailOperate.getLoginName(LoginfailOperate.java:50)
	at com.liangxin.actions.LoginfailOperate.getLoginName(LoginfailOperate.java:50)
	at com.liangxin.actions.LoginfailOperate.getLoginName(LoginfailOperate.java:50)
	at com.liangxin.actions.LoginfailOperate.getLoginName(LoginfailOperate.java:50)
	at com.liangxin.actions.LoginfailOperate.getLoginName(LoginfailOperate.java:50)
	at com.liangxin.actions.LoginfailOperate.getLoginName(LoginfailOperate.java:50)
	at com.liangxin.actions.LoginfailOperate.getLoginName(LoginfailOperate.java:50)
	at com.liangxin.actions.LoginfailOperate.getLoginName(LoginfailOperate.java:50)
	at com.liangxin.actions.LoginfailOperate.getLoginName(LoginfailOperate.java:50)
	at com.liangxin.actions.LoginfailOperate.getLoginName(LoginfailOperate.java:50)
	at com.liangxin.actions.LoginfailOperate.getLoginName(LoginfailOperate.java:50)
	at com.liangxin.actions.LoginfailOperate.getLoginName(LoginfailOperate.java:50)
	at com.liangxin.actions.LoginfailOperate.getLoginName(LoginfailOperate.java:50)
	at com.liangxin.actions.LoginfailOperate.getLoginName(LoginfailOperate.java:50)
	at com.liangxin.actions.LoginfailOperate.getLoginName(LoginfailOperate.java:50)
	at com.liangxin.actions.LoginfailOperate.getLoginName(LoginfailOperate.java:50)
	at com.liangxin.actions.LoginfailOperate.getLoginName(LoginfailOperate.java:50)
	at com.liangxin.actions.LoginfailOperate.getLoginName(LoginfailOperate.java:50)
	at com.liangxin.actions.LoginfailOperate.getLoginName(LoginfailOperate.java:50)
	at com.liangxin.actions.LoginfailOperate.getLoginName(LoginfailOperate.java:50)
	at com.liangxin.actions.LoginfailOperate.getLoginName(LoginfailOperate.java:50)
	at com.liangxin.actions.LoginfailOperate.getLoginName(LoginfailOperate.java:50)
	at com.liangxin.actions.LoginfailOperate.getLoginName(LoginfailOperate.java:50)
	at com.liangxin.actions.LoginfailOperate.getLoginName(LoginfailOperate.java:50)
	at com.liangxin.actions.LoginfailOperate.getLoginName(LoginfailOperate.java:50)
	at com.liangxin.actions.LoginfailOperate.getLoginName(LoginfailOperate.java:50)
	at com.liangxin.actions.LoginfailOperate.getLoginName(LoginfailOperate.java:50)
	at com.liangxin.actions.LoginfailOperate.getLoginName(LoginfailOperate.java:50)
	at com.liangxin.actions.LoginfailOperate.getLoginName(LoginfailOperate.java:50)
	at com.liangxin.actions.LoginfailOperate.getLoginName(LoginfailOperate.java:50)
	at com.liangxin.actions.LoginfailOperate.getLoginName(LoginfailOperate.java:50)
	at com.liangxin.actions.LoginfailOperate.getLoginName(LoginfailOperate.java:50)
	at com.liangxin.actions.LoginfailOperate.getLoginName(LoginfailOperate.java:50)
	at com.liangxin.actions.LoginfailOperate.getLoginName(LoginfailOperate.java:50)
	at com.liangxin.actions.LoginfailOperate.getLoginName(LoginfailOperate.java:50)
	at com.liangxin.actions.LoginfailOperate.getLoginName(LoginfailOperate.java:50)
	at com.liangxin.actions.LoginfailOperate.getLoginName(LoginfailOperate.java:50)
	at com.liangxin.actions.LoginfailOperate.getLoginName(LoginfailOperate.java:50)
	at com.liangxin.actions.LoginfailOperate.getLoginName(LoginfailOperate.java:50)
	at com.liangxin.actions.LoginfailOperate.getLoginName(LoginfailOperate.java:50)
	at com.liangxin.actions.LoginfailOperate.getLoginName(LoginfailOperate.java:50)
	at com.liangxin.actions.LoginfailOperate.getLoginName(LoginfailOperate.java:50)
	at com.liangxin.actions.LoginfailOperate.getLoginName(LoginfailOperate.java:50)
	at com.liangxin.actions.LoginfailOperate.getLoginName(LoginfailOperate.java:50)
	at com.liangxin.actions.LoginfailOperate.getLoginName(LoginfailOperate.java:50)
	at com.liangxin.actions.LoginfailOperate.getLoginName(LoginfailOperate.java:50)
	at com.liangxin.actions.LoginfailOperate.getLoginName(LoginfailOperate.java:50)
	at com.liangxin.actions.LoginfailOperate.getLoginName(LoginfailOperate.java:50)
	at com.liangxin.actions.LoginfailOperate.getLoginName(LoginfailOperate.java:50)
	at com.liangxin.actions.LoginfailOperate.getLoginName(LoginfailOperate.java:50)
	at com.liangxin.actions.LoginfailOperate.getLoginName(LoginfailOperate.java:50)
	at com.liangxin.actions.LoginfailOperate.getLoginName(LoginfailOperate.java:50)
	at com.liangxin.actions.LoginfailOperate.getLoginName(LoginfailOperate.java:50)
	at com.liangxin.actions.LoginfailOperate.getLoginName(LoginfailOperate.java:50)
	at com.liangxin.actions.LoginfailOperate.getLoginName(LoginfailOperate.java:50)
	at com.liangxin.actions.LoginfailOperate.getLoginName(LoginfailOperate.java:50)
	at com.liangxin.actions.LoginfailOperate.getLoginName(LoginfailOperate.java:50)
	at com.liangxin.actions.LoginfailOperate.getLoginName(LoginfailOperate.java:50)
	at com.liangxin.actions.LoginfailOperate.getLoginName(LoginfailOperate.java:50)
	at com.liangxin.actions.LoginfailOperate.getLoginName(LoginfailOperate.java:50)
	at com.liangxin.actions.LoginfailOperate.getLoginName(LoginfailOperate.java:50)
	at com.liangxin.actions.LoginfailOperate.getLoginName(LoginfailOperate.java:50)
	at com.liangxin.actions.LoginfailOperate.getLoginName(LoginfailOperate.java:50)
	at com.liangxin.actions.LoginfailOperate.getLoginName(LoginfailOperate.java:50)
	at com.liangxin.actions.LoginfailOperate.getLoginName(LoginfailOperate.java:50)
	at com.liangxin.actions.LoginfailOperate.getLoginName(LoginfailOperate.java:50)
	at com.liangxin.actions.LoginfailOperate.getLoginName(LoginfailOperate.java:50)
	at com.liangxin.actions.LoginfailOperate.getLoginName(LoginfailOperate.java:50)
	at com.liangxin.actions.LoginfailOperate.getLoginName(LoginfailOperate.java:50)
	at com.liangxin.actions.LoginfailOperate.getLoginName(LoginfailOperate.java:50)
	at com.liangxin.actions.LoginfailOperate.getLoginName(LoginfailOperate.java:50)
	at com.liangxin.actions.LoginfailOperate.getLoginName(LoginfailOperate.java:50)
	at com.liangxin.actions.LoginfailOperate.getLoginName(LoginfailOperate.java:50)
	at com.liangxin.actions.LoginfailOperate.getLoginName(LoginfailOperate.java:50)
	at com.liangxin.actions.LoginfailOperate.getLoginName(LoginfailOperate.java:50)
	at com.liangxin.actions.LoginfailOperate.getLoginName(LoginfailOperate.java:50)
	at com.liangxin.actions.LoginfailOperate.getLoginName(LoginfailOperate.java:50)
	at com.liangxin.actions.LoginfailOperate.getLoginName(LoginfailOperate.java:50)
	at com.liangxin.actions.LoginfailOperate.getLoginName(LoginfailOperate.java:50)
	at com.liangxin.actions.LoginfailOperate.getLoginName(LoginfailOperate.java:50)
	at com.liangxin.actions.LoginfailOperate.getLoginName(LoginfailOperate.java:50)
	at com.liangxin.actions.LoginfailOperate.getLoginName(LoginfailOperate.java:50)
	at com.liangxin.actions.LoginfailOperate.getLoginName(LoginfailOperate.java:50)
	at com.liangxin.actions.LoginfailOperate.getLoginName(LoginfailOperate.java:50)
	at com.liangxin.actions.LoginfailOperate.getLoginName(LoginfailOperate.java:50)
	at com.liangxin.actions.LoginfailOperate.getLoginName(LoginfailOperate.java:50)
	at com.liangxin.actions.LoginfailOperate.getLoginName(LoginfailOperate.java:50)
	at com.liangxin.actions.LoginfailOperate.getLoginName(LoginfailOperate.java:50)
	at com.liangxin.actions.LoginfailOperate.getLoginName(LoginfailOperate.java:50)
	at com.liangxin.actions.LoginfailOperate.getLoginName(LoginfailOperate.java:50)
	at com.liangxin.actions.LoginfailOperate.getLoginName(LoginfailOperate.java:50)
	at com.liangxin.actions.LoginfailOperate.getLoginName(LoginfailOperate.java:50)
	at com.liangxin.actions.LoginfailOperate.getLoginName(LoginfailOperate.java:50)
	at com.liangxin.actions.LoginfailOperate.getLoginName(LoginfailOperate.java:50)
	at com.liangxin.actions.LoginfailOperate.getLoginName(LoginfailOperate.java:50)
	at com.liangxin.actions.LoginfailOperate.getLoginName(LoginfailOperate.java:50)
	at com.liangxin.actions.LoginfailOperate.getLoginName(LoginfailOperate.java:50)
	at com.liangxin.actions.LoginfailOperate.getLoginName(LoginfailOperate.java:50)
	at com.liangxin.actions.LoginfailOperate.getLoginName(LoginfailOperate.java:50)
	at com.liangxin.actions.LoginfailOperate.getLoginName(LoginfailOperate.java:50)
	at com.liangxin.actions.LoginfailOperate.getLoginName(LoginfailOperate.java:50)
	at com.liangxin.actions.LoginfailOperate.getLoginName(LoginfailOperate.java:50)
	at com.liangxin.actions.LoginfailOperate.getLoginName(LoginfailOperate.java:50)
	at com.liangxin.actions.LoginfailOperate.getLoginName(LoginfailOperate.java:50)
	at com.liangxin.actions.LoginfailOperate.getLoginName(LoginfailOperate.java:50)
	at com.liangxin.actions.LoginfailOperate.getLoginName(LoginfailOperate.java:50)
	at com.liangxin.actions.LoginfailOperate.getLoginName(LoginfailOperate.java:50)
	at com.liangxin.actions.LoginfailOperate.getLoginName(LoginfailOperate.java:50)
	at com.liangxin.actions.LoginfailOperate.getLoginName(LoginfailOperate.java:50)
	at com.liangxin.actions.LoginfailOperate.getLoginName(LoginfailOperate.java:50)
	at com.liangxin.actions.LoginfailOperate.getLoginName(LoginfailOperate.java:50)
	at com.liangxin.actions.LoginfailOperate.getLoginName(LoginfailOperate.java:50)
	at com.liangxin.actions.LoginfailOperate.getLoginName(LoginfailOperate.java:50)
	at com.liangxin.actions.LoginfailOperate.getLoginName(LoginfailOperate.java:50)
	at com.liangxin.actions.LoginfailOperate.getLoginName(LoginfailOperate.java:50)
	at com.liangxin.actions.LoginfailOperate.getLoginName(LoginfailOperate.java:50)
	at com.liangxin.actions.LoginfailOperate.getLoginName(LoginfailOperate.java:50)
	at com.liangxin.actions.LoginfailOperate.getLoginName(LoginfailOperate.java:50)
	at com.liangxin.actions.LoginfailOperate.getLoginName(LoginfailOperate.java:50)
	at com.liangxin.actions.LoginfailOperate.getLoginName(LoginfailOperate.java:50)
	at com.liangxin.actions.LoginfailOperate.getLoginName(LoginfailOperate.java:50)
	at com.liangxin.actions.LoginfailOperate.getLoginName(LoginfailOperate.java:50)
	at com.liangxin.actions.LoginfailOperate.getLoginName(LoginfailOperate.java:50)
	at com.liangxin.actions.LoginfailOperate.getLoginName(LoginfailOperate.java:50)
	at com.liangxin.actions.LoginfailOperate.getLoginName(LoginfailOperate.java:50)
	at com.liangxin.actions.LoginfailOperate.getLoginName(LoginfailOperate.java:50)
	at com.liangxin.actions.LoginfailOperate.getLoginName(LoginfailOperate.java:50)
	at com.liangxin.actions.LoginfailOperate.getLoginName(LoginfailOperate.java:50)
	at com.liangxin.actions.LoginfailOperate.getLoginName(LoginfailOperate.java:50)
	at com.liangxin.actions.LoginfailOperate.getLoginName(LoginfailOperate.java:50)
	at com.liangxin.actions.LoginfailOperate.getLoginName(LoginfailOperate.java:50)
	at com.liangxin.actions.LoginfailOperate.getLoginName(LoginfailOperate.java:50)
	at com.liangxin.actions.LoginfailOperate.getLoginName(LoginfailOperate.java:50)
	at com.liangxin.actions.LoginfailOperate.getLoginName(LoginfailOperate.java:50)
	at com.liangxin.actions.LoginfailOperate.getLoginName(LoginfailOperate.java:50)
	at com.liangxin.actions.LoginfailOperate.getLoginName(LoginfailOperate.java:50)
	at com.liangxin.actions.LoginfailOperate.getLoginName(LoginfailOperate.java:50)
	at com.liangxin.actions.LoginfailOperate.getLoginName(LoginfailOperate.java:50)
	at com.liangxin.actions.LoginfailOperate.getLoginName(LoginfailOperate.java:50)
	at com.liangxin.actions.LoginfailOperate.getLoginName(LoginfailOperate.java:50)
	at com.liangxin.actions.LoginfailOperate.getLoginName(LoginfailOperate.java:50)
	at com.liangxin.actions.LoginfailOperate.getLoginName(LoginfailOperate.java:50)
	at com.liangxin.actions.LoginfailOperate.getLoginName(LoginfailOperate.java:50)
	at com.liangxin.actions.LoginfailOperate.getLoginName(LoginfailOperate.java:50)
	at com.liangxin.actions.LoginfailOperate.getLoginName(LoginfailOperate.java:50)
	at com.liangxin.actions.LoginfailOperate.getLoginName(LoginfailOperate.java:50)
	at com.liangxin.actions.LoginfailOperate.getLoginName(LoginfailOperate.java:50)
	at com.liangxin.actions.LoginfailOperate.getLoginName(LoginfailOperate.java:50)
	at com.liangxin.actions.LoginfailOperate.getLoginName(LoginfailOperate.java:50)
	at com.liangxin.actions.LoginfailOperate.getLoginName(LoginfailOperate.java:50)
	at com.liangxin.actions.LoginfailOperate.getLoginName(LoginfailOperate.java:50)
	at com.liangxin.actions.LoginfailOperate.getLoginName(LoginfailOperate.java:50)
	at com.liangxin.actions.LoginfailOperate.getLoginName(LoginfailOperate.java:50)
	at com.liangxin.actions.LoginfailOperate.getLoginName(LoginfailOperate.java:50)
	at com.liangxin.actions.LoginfailOperate.getLoginName(LoginfailOperate.java:50)
	at com.liangxin.actions.LoginfailOperate.getLoginName(LoginfailOperate.java:50)
	at com.liangxin.actions.LoginfailOperate.getLoginName(LoginfailOperate.java:50)
	at com.liangxin.actions.LoginfailOperate.getLoginName(LoginfailOperate.java:50)
	at com.liangxin.actions.LoginfailOperate.getLoginName(LoginfailOperate.java:50)
	at com.liangxin.actions.LoginfailOperate.getLoginName(LoginfailOperate.java:50)
	at com.liangxin.actions.LoginfailOperate.getLoginName(LoginfailOperate.java:50)
	at com.liangxin.actions.LoginfailOperate.getLoginName(LoginfailOperate.java:50)
	at com.liangxin.actions.LoginfailOperate.getLoginName(LoginfailOperate.java:50)
	at com.liangxin.actions.LoginfailOperate.getLoginName(LoginfailOperate.java:50)
	at com.liangxin.actions.LoginfailOperate.getLoginName(LoginfailOperate.java:50)
	at com.liangxin.actions.LoginfailOperate.getLoginName(LoginfailOperate.java:50)
	at com.liangxin.actions.LoginfailOperate.getLoginName(LoginfailOperate.java:50)
	at com.liangxin.actions.LoginfailOperate.getLoginName(LoginfailOperate.java:50)
	at com.liangxin.actions.LoginfailOperate.getLoginName(LoginfailOperate.java:50)
	at com.liangxin.actions.LoginfailOperate.getLoginName(LoginfailOperate.java:50)
	at com.liangxin.actions.LoginfailOperate.getLoginName(LoginfailOperate.java:50)
	at com.liangxin.actions.LoginfailOperate.getLoginName(LoginfailOperate.java:50)
	at com.liangxin.actions.LoginfailOperate.getLoginName(LoginfailOperate.java:50)
	at com.liangxin.actions.LoginfailOperate.getLoginName(LoginfailOperate.java:50)
	at com.liangxin.actions.LoginfailOperate.getLoginName(LoginfailOperate.java:50)
	at com.liangxin.actions.LoginfailOperate.getLoginName(LoginfailOperate.java:50)
	at com.liangxin.actions.LoginfailOperate.getLoginName(LoginfailOperate.java:50)
	at com.liangxin.actions.LoginfailOperate.getLoginName(LoginfailOperate.java:50)
	at com.liangxin.actions.LoginfailOperate.getLoginName(LoginfailOperate.java:50)
	at com.liangxin.actions.LoginfailOperate.getLoginName(LoginfailOperate.java:50)
	at com.liangxin.actions.LoginfailOperate.getLoginName(LoginfailOperate.java:50)
	at com.liangxin.actions.LoginfailOperate.getLoginName(LoginfailOperate.java:50)
	at com.liangxin.actions.LoginfailOperate.getLoginName(LoginfailOperate.java:50)
	at com.liangxin.actions.LoginfailOperate.getLoginName(LoginfailOperate.java:50)
	at com.liangxin.actions.LoginfailOperate.getLoginName(LoginfailOperate.java:50)
	at com.liangxin.actions.LoginfailOperate.getLoginName(LoginfailOperate.java:50)
	at com.liangxin.actions.LoginfailOperate.getLoginName(LoginfailOperate.java:50)
	at com.liangxin.actions.LoginfailOperate.getLoginName(LoginfailOperate.java:50)
	at com.liangxin.actions.LoginfailOperate.getLoginName(LoginfailOperate.java:50)
	at com.liangxin.actions.LoginfailOperate.getLoginName(LoginfailOperate.java:50)
	at com.liangxin.actions.LoginfailOperate.getLoginName(LoginfailOperate.java:50)
	at com.liangxin.actions.LoginfailOperate.getLoginName(LoginfailOperate.java:50)
	at com.liangxin.actions.LoginfailOperate.getLoginName(LoginfailOperate.java:50)
	at com.liangxin.actions.LoginfailOperate.getLoginName(LoginfailOperate.java:50)
	at com.liangxin.actions.LoginfailOperate.getLoginName(LoginfailOperate.java:50)
	at com.liangxin.actions.LoginfailOperate.getLoginName(LoginfailOperate.java:50)
	at com.liangxin.actions.LoginfailOperate.getLoginName(LoginfailOperate.java:50)
	at com.liangxin.actions.LoginfailOperate.getLoginName(LoginfailOperate.java:50)
	at com.liangxin.actions.LoginfailOperate.getLoginName(LoginfailOperate.java:50)
	at com.liangxin.actions.LoginfailOperate.getLoginName(LoginfailOperate.java:50)
	at com.liangxin.actions.LoginfailOperate.getLoginName(LoginfailOperate.java:50)
	at com.liangxin.actions.LoginfailOperate.getLoginName(LoginfailOperate.java:50)
	at com.liangxin.actions.LoginfailOperate.getLoginName(LoginfailOperate.java:50)
	at com.liangxin.actions.LoginfailOperate.getLoginName(LoginfailOperate.java:50)
	at com.liangxin.actions.LoginfailOperate.getLoginName(LoginfailOperate.java:50)
	at com.liangxin.actions.LoginfailOperate.getLoginName(LoginfailOperate.java:50)
	at com.liangxin.actions.LoginfailOperate.getLoginName(LoginfailOperate.java:50)
	at com.liangxin.actions.LoginfailOperate.getLoginName(LoginfailOperate.java:50)
	at com.liangxin.actions.LoginfailOperate.getLoginName(LoginfailOperate.java:50)
	at com.liangxin.actions.LoginfailOperate.getLoginName(LoginfailOperate.java:50)
	at com.liangxin.actions.LoginfailOperate.getLoginName(LoginfailOperate.java:50)
	at com.liangxin.actions.LoginfailOperate.getLoginName(LoginfailOperate.java:50)
	at com.liangxin.actions.LoginfailOperate.getLoginName(LoginfailOperate.java:50)
	at com.liangxin.actions.LoginfailOperate.getLoginName(LoginfailOperate.java:50)
	at com.liangxin.actions.LoginfailOperate.getLoginName(LoginfailOperate.java:50)
	at com.liangxin.actions.LoginfailOperate.getLoginName(LoginfailOperate.java:50)
	at com.liangxin.actions.LoginfailOperate.getLoginName(LoginfailOperate.java:50)
	at com.liangxin.actions.LoginfailOperate.getLoginName(LoginfailOperate.java:50)
	at com.liangxin.actions.LoginfailOperate.getLoginName(LoginfailOperate.java:50)
	at com.liangxin.actions.LoginfailOperate.getLoginName(LoginfailOperate.java:50)
	at com.liangxin.actions.LoginfailOperate.getLoginName(LoginfailOperate.java:50)
	at com.liangxin.actions.LoginfailOperate.getLoginName(LoginfailOperate.java:50)
	at com.liangxin.actions.LoginfailOperate.getLoginName(LoginfailOperate.java:50)
	at com.liangxin.actions.LoginfailOperate.getLoginName(LoginfailOperate.java:50)
	at com.liangxin.actions.LoginfailOperate.getLoginName(LoginfailOperate.java:50)
	at com.liangxin.actions.LoginfailOperate.getLoginName(LoginfailOperate.java:50)
	at com.liangxin.actions.LoginfailOperate.getLoginName(LoginfailOperate.java:50)
	at com.liangxin.actions.LoginfailOperate.getLoginName(LoginfailOperate.java:50)
	at com.liangxin.actions.LoginfailOperate.getLoginName(LoginfailOperate.java:50)
	at com.liangxin.actions.LoginfailOperate.getLoginName(LoginfailOperate.java:50)
	at com.liangxin.actions.LoginfailOperate.getLoginName(LoginfailOperate.java:50)
	at com.liangxin.actions.LoginfailOperate.getLoginName(LoginfailOperate.java:50)
	at com.liangxin.actions.LoginfailOperate.getLoginName(LoginfailOperate.java:50)
	at com.liangxin.actions.LoginfailOperate.getLoginName(LoginfailOperate.java:50)
	at com.liangxin.actions.LoginfailOperate.getLoginName(LoginfailOperate.java:50)
	at com.liangxin.actions.LoginfailOperate.getLoginName(LoginfailOperate.java:50)
	at com.liangxin.actions.LoginfailOperate.getLoginName(LoginfailOperate.java:50)
	at com.liangxin.actions.LoginfailOperate.getLoginName(LoginfailOperate.java:50)
	at com.liangxin.actions.LoginfailOperate.getLoginName(LoginfailOperate.java:50)
	at com.liangxin.actions.LoginfailOperate.getLoginName(LoginfailOperate.java:50)
	at com.liangxin.actions.LoginfailOperate.getLoginName(LoginfailOperate.java:50)
	at com.liangxin.actions.LoginfailOperate.getLoginName(LoginfailOperate.java:50)
	at com.liangxin.actions.LoginfailOperate.getLoginName(LoginfailOperate.java:50)
	at com.liangxin.actions.LoginfailOperate.getLoginName(LoginfailOperate.java:50)
	at com.liangxin.actions.LoginfailOperate.getLoginName(LoginfailOperate.java:50)
	at com.liangxin.actions.LoginfailOperate.getLoginName(LoginfailOperate.java:50)
	at com.liangxin.actions.LoginfailOperate.getLoginName(LoginfailOperate.java:50)
	at com.liangxin.actions.LoginfailOperate.getLoginName(LoginfailOperate.java:50)
	at com.liangxin.actions.LoginfailOperate.getLoginName(LoginfailOperate.java:50)
	at com.liangxin.actions.LoginfailOperate.getLoginName(LoginfailOperate.java:50)
	at com.liangxin.actions.LoginfailOperate.getLoginName(LoginfailOperate.java:50)
	at com.liangxin.actions.LoginfailOperate.getLoginName(LoginfailOperate.java:50)
	at com.liangxin.actions.LoginfailOperate.getLoginName(LoginfailOperate.java:50)
	at com.liangxin.actions.LoginfailOperate.getLoginName(LoginfailOperate.java:50)
	at com.liangxin.actions.LoginfailOperate.getLoginName(LoginfailOperate.java:50)
	at com.liangxin.actions.LoginfailOperate.getLoginName(LoginfailOperate.java:50)
	at com.liangxin.actions.LoginfailOperate.getLoginName(LoginfailOperate.java:50)
	at com.liangxin.actions.LoginfailOperate.getLoginName(LoginfailOperate.java:50)
	at com.liangxin.actions.LoginfailOperate.getLoginName(LoginfailOperate.java:50)
	at com.liangxin.actions.LoginfailOperate.getLoginName(LoginfailOperate.java:50)
	at com.liangxin.actions.LoginfailOperate.getLoginName(LoginfailOperate.java:50)
	at com.liangxin.actions.LoginfailOperate.getLoginName(LoginfailOperate.java:50)
	at com.liangxin.actions.LoginfailOperate.getLoginName(LoginfailOperate.java:50)
	at com.liangxin.actions.LoginfailOperate.getLoginName(LoginfailOperate.java:50)
	at com.liangxin.actions.LoginfailOperate.getLoginName(LoginfailOperate.java:50)
	at com.liangxin.actions.LoginfailOperate.getLoginName(LoginfailOperate.java:50)
	at com.liangxin.actions.LoginfailOperate.getLoginName(LoginfailOperate.java:50)
	at com.liangxin.actions.LoginfailOperate.getLoginName(LoginfailOperate.java:50)
	at com.liangxin.actions.LoginfailOperate.getLoginName(LoginfailOperate.java:50)
	at com.liangxin.actions.LoginfailOperate.getLoginName(LoginfailOperate.java:50)
	at com.liangxin.actions.LoginfailOperate.getLoginName(LoginfailOperate.java:50)
	at com.liangxin.actions.LoginfailOperate.getLoginName(LoginfailOperate.java:50)
	at com.liangxin.actions.LoginfailOperate.getLoginName(LoginfailOperate.java:50)
	at com.liangxin.actions.LoginfailOperate.getLoginName(LoginfailOperate.java:50)
	at com.liangxin.actions.LoginfailOperate.getLoginName(LoginfailOperate.java:50)
	at com.liangxin.actions.LoginfailOperate.getLoginName(LoginfailOperate.java:50)
	at com.liangxin.actions.LoginfailOperate.getLoginName(LoginfailOperate.java:50)
	at com.liangxin.actions.LoginfailOperate.getLoginName(LoginfailOperate.java:50)
	at com.liangxin.actions.LoginfailOperate.getLoginName(LoginfailOperate.java:50)
	at com.liangxin.actions.LoginfailOperate.getLoginName(LoginfailOperate.java:50)
	at com.liangxin.actions.LoginfailOperate.getLoginName(LoginfailOperate.java:50)
	at com.liangxin.actions.LoginfailOperate.getLoginName(LoginfailOperate.java:50)
	at com.liangxin.actions.LoginfailOperate.getLoginName(LoginfailOperate.java:50)
	at com.liangxin.actions.LoginfailOperate.getLoginName(LoginfailOperate.java:50)
	at com.liangxin.actions.LoginfailOperate.getLoginName(LoginfailOperate.java:50)
	at com.liangxin.actions.LoginfailOperate.getLoginName(LoginfailOperate.java:50)
	at com.liangxin.actions.LoginfailOperate.getLoginName(LoginfailOperate.java:50)
	at com.liangxin.actions.LoginfailOperate.getLoginName(LoginfailOperate.java:50)
	at com.liangxin.actions.LoginfailOperate.getLoginName(LoginfailOperate.java:50)
	at com.liangxin.actions.LoginfailOperate.getLoginName(LoginfailOperate.java:50)
	at com.liangxin.actions.LoginfailOperate.getLoginName(LoginfailOperate.java:50)
	at com.liangxin.actions.LoginfailOperate.getLoginName(LoginfailOperate.java:50)
	at com.liangxin.actions.LoginfailOperate.getLoginName(LoginfailOperate.java:50)
	at com.liangxin.actions.LoginfailOperate.getLoginName(LoginfailOperate.java:50)
	at com.liangxin.actions.LoginfailOperate.getLoginName(LoginfailOperate.java:50)
	at com.liangxin.actions.LoginfailOperate.getLoginName(LoginfailOperate.java:50)
	at com.liangxin.actions.LoginfailOperate.getLoginName(LoginfailOperate.java:50)
	at com.liangxin.actions.LoginfailOperate.getLoginName(LoginfailOperate.java:50)
	at com.liangxin.actions.LoginfailOperate.getLoginName(LoginfailOperate.java:50)
	at com.liangxin.actions.LoginfailOperate.getLoginName(LoginfailOperate.java:50)
	at com.liangxin.actions.LoginfailOperate.getLoginName(LoginfailOperate.java:50)
	at com.liangxin.actions.LoginfailOperate.getLoginName(LoginfailOperate.java:50)
	at com.liangxin.actions.LoginfailOperate.getLoginName(LoginfailOperate.java:50)
	at com.liangxin.actions.LoginfailOperate.getLoginName(LoginfailOperate.java:50)
	at com.liangxin.actions.LoginfailOperate.getLoginName(LoginfailOperate.java:50)
	at com.liangxin.actions.LoginfailOperate.getLoginName(LoginfailOperate.java:50)
	at com.liangxin.actions.LoginfailOperate.getLoginName(LoginfailOperate.java:50)
	at com.liangxin.actions.LoginfailOperate.getLoginName(LoginfailOperate.java:50)
	at com.liangxin.actions.LoginfailOperate.getLoginName(LoginfailOperate.java:50)
	at com.liangxin.actions.LoginfailOperate.getLoginName(LoginfailOperate.java:50)
	at com.liangxin.actions.LoginfailOperate.getLoginName(LoginfailOperate.java:50)
	at com.liangxin.actions.LoginfailOperate.getLoginName(LoginfailOperate.java:50)
	at com.liangxin.actions.LoginfailOperate.getLoginName(LoginfailOperate.java:50)
	at com.liangxin.actions.LoginfailOperate.getLoginName(LoginfailOperate.java:50)
	at com.liangxin.actions.LoginfailOperate.getLoginName(LoginfailOperate.java:50)
	at com.liangxin.actions.LoginfailOperate.getLoginName(LoginfailOperate.java:50)
	at com.liangxin.actions.LoginfailOperate.getLoginName(LoginfailOperate.java:50)
	at com.liangxin.actions.LoginfailOperate.getLoginName(LoginfailOperate.java:50)
	at com.liangxin.actions.LoginfailOperate.getLoginName(LoginfailOperate.java:50)
	at com.liangxin.actions.LoginfailOperate.getLoginName(LoginfailOperate.java:50)
	at com.liangxin.actions.LoginfailOperate.getLoginName(LoginfailOperate.java:50)
	at com.liangxin.actions.LoginfailOperate.getLoginName(LoginfailOperate.java:50)
	at com.liangxin.actions.LoginfailOperate.getLoginName(LoginfailOperate.java:50)
	at com.liangxin.actions.LoginfailOperate.getLoginName(LoginfailOperate.java:50)
	at com.liangxin.actions.LoginfailOperate.getLoginName(LoginfailOperate.java:50)
	at com.liangxin.actions.LoginfailOperate.getLoginName(LoginfailOperate.java:50)
	at com.liangxin.actions.LoginfailOperate.getLoginName(LoginfailOperate.java:50)
	at com.liangxin.actions.LoginfailOperate.getLoginName(LoginfailOperate.java:50)
	at com.liangxin.actions.LoginfailOperate.getLoginName(LoginfailOperate.java:50)
	at com.liangxin.actions.LoginfailOperate.getLoginName(LoginfailOperate.java:50)
	at com.liangxin.actions.LoginfailOperate.getLoginName(LoginfailOperate.java:50)
	at com.liangxin.actions.LoginfailOperate.getLoginName(LoginfailOperate.java:50)
	at com.liangxin.actions.LoginfailOperate.getLoginName(LoginfailOperate.java:50)
	at com.liangxin.actions.LoginfailOperate.getLoginName(LoginfailOperate.java:50)
	at com.liangxin.actions.LoginfailOperate.getLoginName(LoginfailOperate.java:50)
	at com.liangxin.actions.LoginfailOperate.getLoginName(LoginfailOperate.java:50)
	at com.liangxin.actions.LoginfailOperate.getLoginName(LoginfailOperate.java:50)
	at com.liangxin.actions.LoginfailOperate.getLoginName(LoginfailOperate.java:50)
	at com.liangxin.actions.LoginfailOperate.getLoginName(LoginfailOperate.java:50)
	at com.liangxin.actions.LoginfailOperate.getLoginName(LoginfailOperate.java:50)
	at com.liangxin.actions.LoginfailOperate.getLoginName(LoginfailOperate.java:50)
	at com.liangxin.actions.LoginfailOperate.getLoginName(LoginfailOperate.java:50)
	at com.liangxin.actions.LoginfailOperate.getLoginName(LoginfailOperate.java:50)
	at com.liangxin.actions.LoginfailOperate.getLoginName(LoginfailOperate.java:50)
	at com.liangxin.actions.LoginfailOperate.getLoginName(LoginfailOperate.java:50)
	at com.liangxin.actions.LoginfailOperate.getLoginName(LoginfailOperate.java:50)
	at com.liangxin.actions.LoginfailOperate.getLoginName(LoginfailOperate.java:50)
	at com.liangxin.actions.LoginfailOperate.getLoginName(LoginfailOperate.java:50)
	at com.liangxin.actions.LoginfailOperate.getLoginName(LoginfailOperate.java:50)
	at com.liangxin.actions.LoginfailOperate.getLoginName(LoginfailOperate.java:50)
	at com.liangxin.actions.LoginfailOperate.getLoginName(LoginfailOperate.java:50)
	at com.liangxin.actions.LoginfailOperate.getLoginName(LoginfailOperate.java:50)
	at com.liangxin.actions.LoginfailOperate.getLoginName(LoginfailOperate.java:50)
	at com.liangxin.actions.LoginfailOperate.getLoginName(LoginfailOperate.java:50)
	at com.liangxin.actions.LoginfailOperate.getLoginName(LoginfailOperate.java:50)
	at com.liangxin.actions.LoginfailOperate.getLoginName(LoginfailOperate.java:50)
	at com.liangxin.actions.LoginfailOperate.getLoginName(LoginfailOperate.java:50)
	at com.liangxin.actions.LoginfailOperate.getLoginName(LoginfailOperate.java:50)
	at com.liangxin.actions.LoginfailOperate.getLoginName(LoginfailOperate.java:50)
	at com.liangxin.actions.LoginfailOperate.getLoginName(LoginfailOperate.java:50)
	at com.liangxin.actions.LoginfailOperate.getLoginName(LoginfailOperate.java:50)
	at com.liangxin.actions.LoginfailOperate.getLoginName(LoginfailOperate.java:50)
	at com.liangxin.actions.LoginfailOperate.getLoginName(LoginfailOperate.java:50)
	at com.liangxin.actions.LoginfailOperate.getLoginName(LoginfailOperate.java:50)
	at com.liangxin.actions.LoginfailOperate.getLoginName(LoginfailOperate.java:50)
	at com.liangxin.actions.LoginfailOperate.getLoginName(LoginfailOperate.java:50)
	at com.liangxin.actions.LoginfailOperate.getLoginName(LoginfailOperate.java:50)
	at com.liangxin.actions.LoginfailOperate.getLoginName(LoginfailOperate.java:50)
	at com.liangxin.actions.LoginfailOperate.getLoginName(LoginfailOperate.java:50)
	at com.liangxin.actions.LoginfailOperate.getLoginName(LoginfailOperate.java:50)
	at com.liangxin.actions.LoginfailOperate.getLoginName(LoginfailOperate.java:50)
	at com.liangxin.actions.LoginfailOperate.getLoginName(LoginfailOperate.java:50)
	at com.liangxin.actions.LoginfailOperate.getLoginName(LoginfailOperate.java:50)
	at com.liangxin.actions.LoginfailOperate.getLoginName(LoginfailOperate.java:50)
	at com.liangxin.actions.LoginfailOperate.getLoginName(LoginfailOperate.java:50)
	at com.liangxin.actions.LoginfailOperate.getLoginName(LoginfailOperate.java:50)
	at com.liangxin.actions.LoginfailOperate.getLoginName(LoginfailOperate.java:50)
	at com.liangxin.actions.LoginfailOperate.getLoginName(LoginfailOperate.java:50)
	at com.liangxin.actions.LoginfailOperate.getLoginName(LoginfailOperate.java:50)
	at com.liangxin.actions.LoginfailOperate.getLoginName(LoginfailOperate.java:50)
	at com.liangxin.actions.LoginfailOperate.getLoginName(LoginfailOperate.java:50)
	at com.liangxin.actions.LoginfailOperate.getLoginName(LoginfailOperate.java:50)
	at com.liangxin.actions.LoginfailOperate.getLoginName(LoginfailOperate.java:50)
	at com.liangxin.actions.LoginfailOperate.getLoginName(LoginfailOperate.java:50)
	at com.liangxin.actions.LoginfailOperate.getLoginName(LoginfailOperate.java:50)
	at com.liangxin.actions.LoginfailOperate.getLoginName(LoginfailOperate.java:50)
	at com.liangxin.actions.LoginfailOperate.getLoginName(LoginfailOperate.java:50)
	at com.liangxin.actions.LoginfailOperate.getLoginName(LoginfailOperate.java:50)
	at com.liangxin.actions.LoginfailOperate.getLoginName(LoginfailOperate.java:50)
	at com.liangxin.actions.LoginfailOperate.getLoginName(LoginfailOperate.java:50)
	at com.liangxin.actions.LoginfailOperate.getLoginName(LoginfailOperate.java:50)
	at com.liangxin.actions.LoginfailOperate.getLoginName(LoginfailOperate.java:50)
	at com.liangxin.actions.LoginfailOperate.getLoginName(LoginfailOperate.java:50)
	at com.liangxin.actions.LoginfailOperate.getLoginName(LoginfailOperate.java:50)
	at com.liangxin.actions.LoginfailOperate.getLoginName(LoginfailOperate.java:50)
	at com.liangxin.actions.LoginfailOperate.getLoginName(LoginfailOperate.java:50)
	at com.liangxin.actions.LoginfailOperate.getLoginName(LoginfailOperate.java:50)
	at com.liangxin.actions.LoginfailOperate.getLoginName(LoginfailOperate.java:50)
	at com.liangxin.actions.LoginfailOperate.getLoginName(LoginfailOperate.java:50)
	at com.liangxin.actions.LoginfailOperate.getLoginName(LoginfailOperate.java:50)
	at com.liangxin.actions.LoginfailOperate.getLoginName(LoginfailOperate.java:50)
	at com.liangxin.actions.LoginfailOperate.getLoginName(LoginfailOperate.java:50)
	at com.liangxin.actions.LoginfailOperate.getLoginName(LoginfailOperate.java:50)
	at com.liangxin.actions.LoginfailOperate.getLoginName(LoginfailOperate.java:50)
	at com.liangxin.actions.LoginfailOperate.getLoginName(LoginfailOperate.java:50)
	at com.liangxin.actions.LoginfailOperate.getLoginName(LoginfailOperate.java:50)
	at com.liangxin.actions.LoginfailOperate.getLoginName(LoginfailOperate.java:50)
	at com.liangxin.actions.LoginfailOperate.getLoginName(LoginfailOperate.java:50)
	at com.liangxin.actions.LoginfailOperate.getLoginName(LoginfailOperate.java:50)
	at com.liangxin.actions.LoginfailOperate.getLoginName(LoginfailOperate.java:50)
	at com.liangxin.actions.LoginfailOperate.getLoginName(LoginfailOperate.java:50)
	at com.liangxin.actions.LoginfailOperate.getLoginName(LoginfailOperate.java:50)
	at com.liangxin.actions.LoginfailOperate.getLoginName(LoginfailOperate.java:50)
	at com.liangxin.actions.LoginfailOperate.getLoginName(LoginfailOperate.java:50)
	at com.liangxin.actions.LoginfailOperate.getLoginName(LoginfailOperate.java:50)
	at com.liangxin.actions.LoginfailOperate.getLoginName(LoginfailOperate.java:50)
	at com.liangxin.actions.LoginfailOperate.getLoginName(LoginfailOperate.java:50)
	at com.liangxin.actions.LoginfailOperate.getLoginName(LoginfailOperate.java:50)
	at com.liangxin.actions.LoginfailOperate.getLoginName(LoginfailOperate.java:50)
	at com.liangxin.actions.LoginfailOperate.getLoginName(LoginfailOperate.java:50)
	at com.liangxin.actions.LoginfailOperate.getLoginName(LoginfailOperate.java:50)
	at com.liangxin.actions.LoginfailOperate.getLoginName(LoginfailOperate.java:50)
	at com.liangxin.actions.LoginfailOperate.getLoginName(LoginfailOperate.java:50)
	at com.liangxin.actions.LoginfailOperate.getLoginName(LoginfailOperate.java:50)
	at com.liangxin.actions.LoginfailOperate.getLoginName(LoginfailOperate.java:50)
	at com.liangxin.actions.LoginfailOperate.getLoginName(LoginfailOperate.java:50)
	at com.liangxin.actions.LoginfailOperate.getLoginName(LoginfailOperate.java:50)
	at com.liangxin.actions.LoginfailOperate.getLoginName(LoginfailOperate.java:50)
	at com.liangxin.actions.LoginfailOperate.getLoginName(LoginfailOperate.java:50)
	at com.liangxin.actions.LoginfailOperate.getLoginName(LoginfailOperate.java:50)
	at com.liangxin.actions.LoginfailOperate.getLoginName(LoginfailOperate.java:50)
	at com.liangxin.actions.LoginfailOperate.getLoginName(LoginfailOperate.java:50)
	at com.liangxin.actions.LoginfailOperate.getLoginName(LoginfailOperate.java:50)
	at com.liangxin.actions.LoginfailOperate.getLoginName(LoginfailOperate.java:50)
	at com.liangxin.actions.LoginfailOperate.getLoginName(LoginfailOperate.java:50)
	at com.liangxin.actions.LoginfailOperate.getLoginName(LoginfailOperate.java:50)
	at com.liangxin.actions.LoginfailOperate.getLoginName(LoginfailOperate.java:50)
	at com.liangxin.actions.LoginfailOperate.getLoginName(LoginfailOperate.java:50)
	at com.liangxin.actions.LoginfailOperate.getLoginName(LoginfailOperate.java:50)
	at com.liangxin.actions.LoginfailOperate.getLoginName(LoginfailOperate.java:50)
	at com.liangxin.actions.LoginfailOperate.getLoginName(LoginfailOperate.java:50)
	at com.liangxin.actions.LoginfailOperate.getLoginName(LoginfailOperate.java:50)
	at com.liangxin.actions.LoginfailOperate.getLoginName(LoginfailOperate.java:50)
	at com.liangxin.actions.LoginfailOperate.getLoginName(LoginfailOperate.java:50)
	at com.liangxin.actions.LoginfailOperate.getLoginName(LoginfailOperate.java:50)
	at com.liangxin.actions.LoginfailOperate.getLoginName(LoginfailOperate.java:50)
	at com.liangxin.actions.LoginfailOperate.getLoginName(LoginfailOperate.java:50)
	at com.liangxin.actions.LoginfailOperate.getLoginName(LoginfailOperate.java:50)
	at com.liangxin.actions.LoginfailOperate.getLoginName(LoginfailOperate.java:50)
	at com.liangxin.actions.LoginfailOperate.getLoginName(LoginfailOperate.java:50)
	at com.liangxin.actions.LoginfailOperate.getLoginName(LoginfailOperate.java:50)
	at com.liangxin.actions.LoginfailOperate.getLoginName(LoginfailOperate.java:50)
	at com.liangxin.actions.LoginfailOperate.getLoginName(LoginfailOperate.java:50)
	at com.liangxin.actions.LoginfailOperate.getLoginName(LoginfailOperate.java:50)
	at com.liangxin.actions.LoginfailOperate.getLoginName(LoginfailOperate.java:50)
	at com.liangxin.actions.LoginfailOperate.getLoginName(LoginfailOperate.java:50)
	at com.liangxin.actions.LoginfailOperate.getLoginName(LoginfailOperate.java:50)
	at com.liangxin.actions.LoginfailOperate.getLoginName(LoginfailOperate.java:50)
	at com.liangxin.actions.LoginfailOperate.getLoginName(LoginfailOperate.java:50)
	at com.liangxin.actions.LoginfailOperate.getLoginName(LoginfailOperate.java:50)
	at com.liangxin.actions.LoginfailOperate.getLoginName(LoginfailOperate.java:50)
	at com.liangxin.actions.LoginfailOperate.getLoginName(LoginfailOperate.java:50)
	at com.liangxin.actions.LoginfailOperate.getLoginName(LoginfailOperate.java:50)
	at com.liangxin.actions.LoginfailOperate.getLoginName(LoginfailOperate.java:50)
	at com.liangxin.actions.LoginfailOperate.getLoginName(LoginfailOperate.java:50)
	at com.liangxin.actions.LoginfailOperate.getLoginName(LoginfailOperate.java:50)
	at com.liangxin.actions.LoginfailOperate.getLoginName(LoginfailOperate.java:50)
	at com.liangxin.actions.LoginfailOperate.getLoginName(LoginfailOperate.java:50)
	at com.liangxin.actions.LoginfailOperate.getLoginName(LoginfailOperate.java:50)
	at com.liangxin.actions.LoginfailOperate.getLoginName(LoginfailOperate.java:50)
	at com.liangxin.actions.LoginfailOperate.getLoginName(LoginfailOperate.java:50)
	at com.liangxin.actions.LoginfailOperate.getLoginName(LoginfailOperate.java:50)
	at com.liangxin.actions.LoginfailOperate.getLoginName(LoginfailOperate.java:50)
	at com.liangxin.actions.LoginfailOperate.getLoginName(LoginfailOperate.java:50)
	at com.liangxin.actions.LoginfailOperate.getLoginName(LoginfailOperate.java:50)
	at com.liangxin.actions.LoginfailOperate.getLoginName(LoginfailOperate.java:50)
	at com.liangxin.actions.LoginfailOperate.getLoginName(LoginfailOperate.java:50)
	at com.liangxin.actions.LoginfailOperate.getLoginName(LoginfailOperate.java:50)
	at com.liangxin.actions.LoginfailOperate.getLoginName(LoginfailOperate.java:50)
	at com.liangxin.actions.LoginfailOperate.getLoginName(LoginfailOperate.java:50)
	at com.liangxin.actions.LoginfailOperate.getLoginName(LoginfailOperate.java:50)
	at com.liangxin.actions.LoginfailOperate.getLoginName(LoginfailOperate.java:50)
	at com.liangxin.actions.LoginfailOperate.getLoginName(LoginfailOperate.java:50)
	at com.liangxin.actions.LoginfailOperate.getLoginName(LoginfailOperate.java:50)
	at com.liangxin.actions.LoginfailOperate.getLoginName(LoginfailOperate.java:50)
	at com.liangxin.actions.LoginfailOperate.getLoginName(LoginfailOperate.java:50)
	at com.liangxin.actions.LoginfailOperate.getLoginName(LoginfailOperate.java:50)
	at com.liangxin.actions.LoginfailOperate.getLoginName(LoginfailOperate.java:50)
	at com.liangxin.actions.LoginfailOperate.getLoginName(LoginfailOperate.java:50)
	at com.liangxin.actions.LoginfailOperate.getLoginName(LoginfailOperate.java:50)
	at com.liangxin.actions.LoginfailOperate.getLoginName(LoginfailOperate.java:50)
	at com.liangxin.actions.LoginfailOperate.getLoginName(LoginfailOperate.java:50)
	at com.liangxin.actions.LoginfailOperate.getLoginName(LoginfailOperate.java:50)
	at com.liangxin.actions.LoginfailOperate.getLoginName(LoginfailOperate.java:50)
	at com.liangxin.actions.LoginfailOperate.getLoginName(LoginfailOperate.java:50)
	at com.liangxin.actions.LoginfailOperate.getLoginName(LoginfailOperate.java:50)
	at com.liangxin.actions.LoginfailOperate.getLoginName(LoginfailOperate.java:50)
	at com.liangxin.actions.LoginfailOperate.getLoginName(LoginfailOperate.java:50)
	at com.liangxin.actions.LoginfailOperate.getLoginName(LoginfailOperate.java:50)
	at com.liangxin.actions.LoginfailOperate.getLoginName(LoginfailOperate.java:50)
	at com.liangxin.actions.LoginfailOperate.getLoginName(LoginfailOperate.java:50)
	at com.liangxin.actions.LoginfailOperate.getLoginName(LoginfailOperate.java:50)
	at com.liangxin.actions.LoginfailOperate.getLoginName(LoginfailOperate.java:50)
	at com.liangxin.actions.LoginfailOperate.getLoginName(LoginfailOperate.java:50)
	at com.liangxin.actions.LoginfailOperate.getLoginName(LoginfailOperate.java:50)
	at com.liangxin.actions.LoginfailOperate.getLoginName(LoginfailOperate.java:50)
	at com.liangxin.actions.LoginfailOperate.getLoginName(LoginfailOperate.java:50)
	at com.liangxin.actions.LoginfailOperate.getLoginName(LoginfailOperate.java:50)
	at com.liangxin.actions.LoginfailOperate.getLoginName(LoginfailOperate.java:50)
	at com.liangxin.actions.LoginfailOperate.getLoginName(LoginfailOperate.java:50)
	at com.liangxin.actions.LoginfailOperate.getLoginName(LoginfailOperate.java:50)
	at com.liangxin.actions.LoginfailOperate.getLoginName(LoginfailOperate.java:50)
	at com.liangxin.actions.LoginfailOperate.getLoginName(LoginfailOperate.java:50)
	at com.liangxin.actions.LoginfailOperate.getLoginName(LoginfailOperate.java:50)
	at com.liangxin.actions.LoginfailOperate.getLoginName(LoginfailOperate.java:50)
	at com.liangxin.actions.LoginfailOperate.getLoginName(LoginfailOperate.java:50)
	at com.liangxin.actions.LoginfailOperate.getLoginName(LoginfailOperate.java:50)
	at com.liangxin.actions.LoginfailOperate.getLoginName(LoginfailOperate.java:50)
	at com.liangxin.actions.LoginfailOperate.getLoginName(LoginfailOperate.java:50)
	at com.liangxin.actions.LoginfailOperate.getLoginName(LoginfailOperate.java:50)
	at com.liangxin.actions.LoginfailOperate.getLoginName(LoginfailOperate.java:50)
	at com.liangxin.actions.LoginfailOperate.getLoginName(LoginfailOperate.java:50)
	at com.liangxin.actions.LoginfailOperate.getLoginName(LoginfailOperate.java:50)
	at com.liangxin.actions.LoginfailOperate.getLoginName(LoginfailOperate.java:50)
	at com.liangxin.actions.LoginfailOperate.getLoginName(LoginfailOperate.java:50)
	at com.liangxin.actions.LoginfailOperate.getLoginName(LoginfailOperate.java:50)
	at com.liangxin.actions.LoginfailOperate.getLoginName(LoginfailOperate.java:50)
	at com.liangxin.actions.LoginfailOperate.getLoginName(LoginfailOperate.java:50)
	at com.liangxin.actions.LoginfailOperate.getLoginName(LoginfailOperate.java:50)
	at com.liangxin.actions.LoginfailOperate.getLoginName(LoginfailOperate.java:50)
	at com.liangxin.actions.LoginfailOperate.getLoginName(LoginfailOperate.java:50)
	at com.liangxin.actions.LoginfailOperate.getLoginName(LoginfailOperate.java:50)
	at com.liangxin.actions.LoginfailOperate.getLoginName(LoginfailOperate.java:50)
	at com.liangxin.actions.LoginfailOperate.getLoginName(LoginfailOperate.java:50)
	at com.liangxin.actions.LoginfailOperate.getLoginName(LoginfailOperate.java:50)
	at com.liangxin.actions.LoginfailOperate.getLoginName(LoginfailOperate.java:50)
	at com.liangxin.actions.LoginfailOperate.getLoginName(LoginfailOperate.java:50)
	at com.liangxin.actions.LoginfailOperate.getLoginName(LoginfailOperate.java:50)
	at com.liangxin.actions.LoginfailOperate.getLoginName(LoginfailOperate.java:50)
	at com.liangxin.actions.LoginfailOperate.getLoginName(LoginfailOperate.java:50)
	at com.liangxin.actions.LoginfailOperate.getLoginName(LoginfailOperate.java:50)
	at com.liangxin.actions.LoginfailOperate.getLoginName(LoginfailOperate.java:50)
	at com.liangxin.actions.LoginfailOperate.getLoginName(LoginfailOperate.java:50)
	at com.liangxin.actions.LoginfailOperate.getLoginName(LoginfailOperate.java:50)
	at com.liangxin.actions.LoginfailOperate.getLoginName(LoginfailOperate.java:50)
	at com.liangxin.actions.LoginfailOperate.getLoginName(LoginfailOperate.java:50)
	at com.liangxin.actions.LoginfailOperate.getLoginName(LoginfailOperate.java:50)
	at com.liangxin.actions.LoginfailOperate.getLoginName(LoginfailOperate.java:50)
	at com.liangxin.actions.LoginfailOperate.getLoginName(LoginfailOperate.java:50)
	at com.liangxin.actions.LoginfailOperate.getLoginName(LoginfailOperate.java:50)
	at com.liangxin.actions.LoginfailOperate.getLoginName(LoginfailOperate.java:50)
	at com.liangxin.actions.LoginfailOperate.getLoginName(LoginfailOperate.java:50)
	at com.liangxin.actions.LoginfailOperate.getLoginName(LoginfailOperate.java:50)
	at com.liangxin.actions.LoginfailOperate.getLoginName(LoginfailOperate.java:50)
	at com.liangxin.actions.LoginfailOperate.getLoginName(LoginfailOperate.java:50)
	at com.liangxin.actions.LoginfailOperate.getLoginName(LoginfailOperate.java:50)
	at com.liangxin.actions.LoginfailOperate.getLoginName(LoginfailOperate.java:50)
	at com.liangxin.actions.LoginfailOperate.getLoginName(LoginfailOperate.java:50)
	at com.liangxin.actions.LoginfailOperate.getLoginName(LoginfailOperate.java:50)
	at com.liangxin.actions.LoginfailOperate.getLoginName(LoginfailOperate.java:50)
	at com.liangxin.actions.LoginfailOperate.getLoginName(LoginfailOperate.java:50)
	at com.liangxin.actions.LoginfailOperate.getLoginName(LoginfailOperate.java:50)
	at com.liangxin.actions.LoginfailOperate.getLoginName(LoginfailOperate.java:50)
	at com.liangxin.actions.LoginfailOperate.getLoginName(LoginfailOperate.java:50)
	at com.liangxin.actions.LoginfailOperate.getLoginName(LoginfailOperate.java:50)
	at com.liangxin.actions.LoginfailOperate.getLoginName(LoginfailOperate.java:50)
	at com.liangxin.actions.LoginfailOperate.getLoginName(LoginfailOperate.java:50)
	at com.liangxin.actions.LoginfailOperate.getLoginName(LoginfailOperate.java:50)
	at com.liangxin.actions.LoginfailOperate.getLoginName(LoginfailOperate.java:50)
	at com.liangxin.actions.LoginfailOperate.getLoginName(LoginfailOperate.java:50)
	at com.liangxin.actions.LoginfailOperate.getLoginName(LoginfailOperate.java:50)
	at com.liangxin.actions.LoginfailOperate.getLoginName(LoginfailOperate.java:50)
	at com.liangxin.actions.LoginfailOperate.getLoginName(LoginfailOperate.java:50)
	at com.liangxin.actions.LoginfailOperate.getLoginName(LoginfailOperate.java:50)
	at com.liangxin.actions.LoginfailOperate.getLoginName(LoginfailOperate.java:50)
	at com.liangxin.actions.LoginfailOperate.getLoginName(LoginfailOperate.java:50)
	at com.liangxin.actions.LoginfailOperate.getLoginName(LoginfailOperate.java:50)
	at com.liangxin.actions.LoginfailOperate.getLoginName(LoginfailOperate.java:50)
	at com.liangxin.actions.LoginfailOperate.getLoginName(LoginfailOperate.java:50)
	at com.liangxin.actions.LoginfailOperate.getLoginName(LoginfailOperate.java:50)
	at com.liangxin.actions.LoginfailOperate.getLoginName(LoginfailOperate.java:50)
	at com.liangxin.actions.LoginfailOperate.getLoginName(LoginfailOperate.java:50)
	at com.liangxin.actions.LoginfailOperate.getLoginName(LoginfailOperate.java:50)
	at com.liangxin.actions.LoginfailOperate.getLoginName(LoginfailOperate.java:50)
	at com.liangxin.actions.LoginfailOperate.getLoginName(LoginfailOperate.java:50)
	at com.liangxin.actions.LoginfailOperate.getLoginName(LoginfailOperate.java:50)
	at com.liangxin.actions.LoginfailOperate.getLoginName(LoginfailOperate.java:50)
	at com.liangxin.actions.LoginfailOperate.getLoginName(LoginfailOperate.java:50)
	at com.liangxin.actions.LoginfailOperate.getLoginName(LoginfailOperate.java:50)
	at com.liangxin.actions.LoginfailOperate.getLoginName(LoginfailOperate.java:50)
	at com.liangxin.actions.LoginfailOperate.getLoginName(LoginfailOperate.java:50)
	at com.liangxin.actions.LoginfailOperate.getLoginName(LoginfailOperate.java:50)
	at com.liangxin.actions.LoginfailOperate.getLoginName(LoginfailOperate.java:50)
	at com.liangxin.actions.LoginfailOperate.getLoginName(LoginfailOperate.java:50)
	at com.liangxin.actions.LoginfailOperate.getLoginName(LoginfailOperate.java:50)
	at com.liangxin.actions.LoginfailOperate.getLoginName(LoginfailOperate.java:50)
	at com.liangxin.actions.LoginfailOperate.getLoginName(LoginfailOperate.java:50)
	at com.liangxin.actions.LoginfailOperate.getLoginName(LoginfailOperate.java:50)
	at com.liangxin.actions.LoginfailOperate.getLoginName(LoginfailOperate.java:50)
	at com.liangxin.actions.LoginfailOperate.getLoginName(LoginfailOperate.java:50)
	at com.liangxin.actions.LoginfailOperate.getLoginName(LoginfailOperate.java:50)
	at com.liangxin.actions.LoginfailOperate.getLoginName(LoginfailOperate.java:50)
	at com.liangxin.actions.LoginfailOperate.getLoginName(LoginfailOperate.java:50)
	at com.liangxin.actions.LoginfailOperate.getLoginName(LoginfailOperate.java:50)
	at com.liangxin.actions.LoginfailOperate.getLoginName(LoginfailOperate.java:50)
	at com.liangxin.actions.LoginfailOperate.getLoginName(LoginfailOperate.java:50)
	at com.liangxin.actions.LoginfailOperate.getLoginName(LoginfailOperate.java:50)
	at com.liangxin.actions.LoginfailOperate.getLoginName(LoginfailOperate.java:50)
	at com.liangxin.actions.LoginfailOperate.getLoginName(LoginfailOperate.java:50)
	at com.liangxin.actions.LoginfailOperate.getLoginName(LoginfailOperate.java:50)
	at com.liangxin.actions.LoginfailOperate.getLoginName(LoginfailOperate.java:50)
	at com.liangxin.actions.LoginfailOperate.getLoginName(LoginfailOperate.java:50)
	at com.liangxin.actions.LoginfailOperate.getLoginName(LoginfailOperate.java:50)
	at com.liangxin.actions.LoginfailOperate.getLoginName(LoginfailOperate.java:50)
	at com.liangxin.actions.LoginfailOperate.getLoginName(LoginfailOperate.java:50)
	at com.liangxin.actions.LoginfailOperate.getLoginName(LoginfailOperate.java:50)
	at com.liangxin.actions.LoginfailOperate.getLoginName(LoginfailOperate.java:50)
	at com.liangxin.actions.LoginfailOperate.getLoginName(LoginfailOperate.java:50)
	at com.liangxin.actions.LoginfailOperate.getLoginName(LoginfailOperate.java:50)
	at com.liangxin.actions.LoginfailOperate.getLoginName(LoginfailOperate.java:50)
	at com.liangxin.actions.LoginfailOperate.getLoginName(LoginfailOperate.java:50)
	at com.liangxin.actions.LoginfailOperate.getLoginName(LoginfailOperate.java:50)
	at com.liangxin.actions.LoginfailOperate.getLoginName(LoginfailOperate.java:50)
	at com.liangxin.actions.LoginfailOperate.getLoginName(LoginfailOperate.java:50)
	at com.liangxin.actions.LoginfailOperate.getLoginName(LoginfailOperate.java:50)
	at com.liangxin.actions.LoginfailOperate.getLoginName(LoginfailOperate.java:50)
	at com.liangxin.actions.LoginfailOperate.getLoginName(LoginfailOperate.java:50)
	at com.liangxin.actions.LoginfailOperate.getLoginName(LoginfailOperate.java:50)
	at com.liangxin.actions.LoginfailOperate.getLoginName(LoginfailOperate.java:50)
	at com.liangxin.actions.LoginfailOperate.getLoginName(LoginfailOperate.java:50)
	at com.liangxin.actions.LoginfailOperate.getLoginName(LoginfailOperate.java:50)
	at com.liangxin.actions.LoginfailOperate.getLoginName(LoginfailOperate.java:50)
	at com.liangxin.actions.LoginfailOperate.getLoginName(LoginfailOperate.java:50)
	at com.liangxin.actions.LoginfailOperate.getLoginName(LoginfailOperate.java:50)
	at com.liangxin.actions.LoginfailOperate.getLoginName(LoginfailOperate.java:50)
	at com.liangxin.actions.LoginfailOperate.getLoginName(LoginfailOperate.java:50)
	at com.liangxin.actions.LoginfailOperate.getLoginName(LoginfailOperate.java:50)
	at com.liangxin.actions.LoginfailOperate.getLoginName(LoginfailOperate.java:50)
	at com.liangxin.actions.LoginfailOperate.getLoginName(LoginfailOperate.java:50)
	at com.liangxin.actions.LoginfailOperate.getLoginName(LoginfailOperate.java:50)
	at com.liangxin.actions.LoginfailOperate.getLoginName(LoginfailOperate.java:50)
	at com.liangxin.actions.LoginfailOperate.getLoginName(LoginfailOperate.java:50)
	at com.liangxin.actions.LoginfailOperate.getLoginName(LoginfailOperate.java:50)
	at com.liangxin.actions.LoginfailOperate.getLoginName(LoginfailOperate.java:50)
	at com.liangxin.actions.LoginfailOperate.getLoginName(LoginfailOperate.java:50)
	at com.liangxin.actions.LoginfailOperate.getLoginName(LoginfailOperate.java:50)
	at com.liangxin.actions.LoginfailOperate.getLoginName(LoginfailOperate.java:50)
	at com.liangxin.actions.LoginfailOperate.getLoginName(LoginfailOperate.java:50)
	at com.liangxin.actions.LoginfailOperate.getLoginName(LoginfailOperate.java:50)
	at com.liangxin.actions.LoginfailOperate.getLoginName(LoginfailOperate.java:50)
	at com.liangxin.actions.LoginfailOperate.getLoginName(LoginfailOperate.java:50)
	at com.liangxin.actions.LoginfailOperate.getLoginName(LoginfailOperate.java:50)
	at com.liangxin.actions.LoginfailOperate.getLoginName(LoginfailOperate.java:50)
	at com.liangxin.actions.LoginfailOperate.getLoginName(LoginfailOperate.java:50)
	at com.liangxin.actions.LoginfailOperate.getLoginName(LoginfailOperate.java:50)
	at com.liangxin.actions.LoginfailOperate.getLoginName(LoginfailOperate.java:50)
	at com.liangxin.actions.LoginfailOperate.getLoginName(LoginfailOperate.java:50)
	at com.liangxin.actions.LoginfailOperate.getLoginName(LoginfailOperate.java:50)
	at com.liangxin.actions.LoginfailOperate.getLoginName(LoginfailOperate.java:50)
	at com.liangxin.actions.LoginfailOperate.getLoginName(LoginfailOperate.java:50)
	at com.liangxin.actions.LoginfailOperate.getLoginName(LoginfailOperate.java:50)
	at com.liangxin.actions.LoginfailOperate.getLoginName(LoginfailOperate.java:50)
	at com.liangxin.actions.LoginfailOperate.getLoginName(LoginfailOperate.java:50)
	at com.liangxin.actions.LoginfailOperate.getLoginName(LoginfailOperate.java:50)
	at com.liangxin.actions.LoginfailOperate.getLoginName(LoginfailOperate.java:50)
	at com.liangxin.actions.LoginfailOperate.getLoginName(LoginfailOperate.java:50)
	at com.liangxin.actions.LoginfailOperate.getLoginName(LoginfailOperate.java:50)
	at com.liangxin.actions.LoginfailOperate.getLoginName(LoginfailOperate.java:50)
	at com.liangxin.actions.LoginfailOperate.getLoginName(LoginfailOperate.java:50)
	at com.liangxin.actions.LoginfailOperate.getLoginName(LoginfailOperate.java:50)
	at com.liangxin.actions.LoginfailOperate.getLoginName(LoginfailOperate.java:50)
	at com.liangxin.actions.LoginfailOperate.getLoginName(LoginfailOperate.java:50)
	at com.liangxin.actions.LoginfailOperate.getLoginName(LoginfailOperate.java:50)
	at com.liangxin.actions.LoginfailOperate.getLoginName(LoginfailOperate.java:50)
	at com.liangxin.actions.LoginfailOperate.getLoginName(LoginfailOperate.java:50)
	at com.liangxin.actions.LoginfailOperate.getLoginName(LoginfailOperate.java:50)
	at com.liangxin.actions.LoginfailOperate.getLoginName(LoginfailOperate.java:50)
	at com.liangxin.actions.LoginfailOperate.getLoginName(LoginfailOperate.java:50)
	at com.liangxin.actions.LoginfailOperate.getLoginName(LoginfailOperate.java:50)
	at com.liangxin.actions.LoginfailOperate.getLoginName(LoginfailOperate.java:50)
	at com.liangxin.actions.LoginfailOperate.getLoginName(LoginfailOperate.java:50)
	at com.liangxin.actions.LoginfailOperate.getLoginName(LoginfailOperate.java:50)
	at com.liangxin.actions.LoginfailOperate.getLoginName(LoginfailOperate.java:50)
	at com.liangxin.actions.LoginfailOperate.getLoginName(LoginfailOperate.java:50)
	at com.liangxin.actions.LoginfailOperate.getLoginName(LoginfailOperate.java:50)
	at com.liangxin.actions.LoginfailOperate.getLoginName(LoginfailOperate.java:50)
	at com.liangxin.actions.LoginfailOperate.getLoginName(LoginfailOperate.java:50)
	at com.liangxin.actions.LoginfailOperate.getLoginName(LoginfailOperate.java:50)
	at com.liangxin.actions.LoginfailOperate.getLoginName(LoginfailOperate.java:50)
	at com.liangxin.actions.LoginfailOperate.getLoginName(LoginfailOperate.java:50)
	at com.liangxin.actions.LoginfailOperate.getLoginName(LoginfailOperate.java:50)
	at com.liangxin.actions.LoginfailOperate.getLoginName(LoginfailOperate.java:50)
	at com.liangxin.actions.LoginfailOperate.getLoginName(LoginfailOperate.java:50)
	at com.liangxin.actions.LoginfailOperate.getLoginName(LoginfailOperate.java:50)
	at com.liangxin.actions.LoginfailOperate.getLoginName(LoginfailOperate.java:50)
	at com.liangxin.actions.LoginfailOperate.getLoginName(LoginfailOperate.java:50)
	at com.liangxin.actions.LoginfailOperate.getLoginName(LoginfailOperate.java:50)
	at com.liangxin.actions.LoginfailOperate.getLoginName(LoginfailOperate.java:50)
	at com.liangxin.actions.LoginfailOperate.getLoginName(LoginfailOperate.java:50)
	at com.liangxin.actions.LoginfailOperate.getLoginName(LoginfailOperate.java:50)
	at com.liangxin.actions.LoginfailOperate.getLoginName(LoginfailOperate.java:50)
	at com.liangxin.actions.LoginfailOperate.getLoginName(LoginfailOperate.java:50)
	at com.liangxin.actions.LoginfailOperate.getLoginName(LoginfailOperate.java:50)
	at com.liangxin.actions.LoginfailOperate.getLoginName(LoginfailOperate.java:50)
	at com.liangxin.actions.LoginfailOperate.getLoginName(LoginfailOperate.java:50)
	at com.liangxin.actions.LoginfailOperate.getLoginName(LoginfailOperate.java:50)
	at com.liangxin.actions.LoginfailOperate.getLoginName(LoginfailOperate.java:50)
	at com.liangxin.actions.LoginfailOperate.getLoginName(LoginfailOperate.java:50)
	at com.liangxin.actions.LoginfailOperate.getLoginName(LoginfailOperate.java:50)
	at com.liangxin.actions.LoginfailOperate.getLoginName(LoginfailOperate.java:50)
	at com.liangxin.actions.LoginfailOperate.getLoginName(LoginfailOperate.java:50)
	at com.liangxin.actions.LoginfailOperate.getLoginName(LoginfailOperate.java:50)
	at com.liangxin.actions.LoginfailOperate.getLoginName(LoginfailOperate.java:50)
	at com.liangxin.actions.LoginfailOperate.getLoginName(LoginfailOperate.java:50)
	at com.liangxin.actions.LoginfailOperate.getLoginName(LoginfailOperate.java:50)
	at com.liangxin.actions.LoginfailOperate.getLoginName(LoginfailOperate.java:50)
	at com.liangxin.actions.LoginfailOperate.getLoginName(LoginfailOperate.java:50)
	at com.liangxin.actions.LoginfailOperate.getLoginName(LoginfailOperate.java:50)
	at com.liangxin.actions.LoginfailOperate.getLoginName(LoginfailOperate.java:50)
	at com.liangxin.actions.LoginfailOperate.getLoginName(LoginfailOperate.java:50)
	at com.liangxin.actions.LoginfailOperate.getLoginName(LoginfailOperate.java:50)
	at com.liangxin.actions.LoginfailOperate.getLoginName(LoginfailOperate.java:50)
	at com.liangxin.actions.LoginfailOperate.getLoginName(LoginfailOperate.java:50)
	at com.liangxin.actions.LoginfailOperate.getLoginName(LoginfailOperate.java:50)
	at com.liangxin.actions.LoginfailOperate.getLoginName(LoginfailOperate.java:50)
	at com.liangxin.actions.LoginfailOperate.getLoginName(LoginfailOperate.java:50)
	at com.liangxin.actions.LoginfailOperate.getLoginName(LoginfailOperate.java:50)
	at com.liangxin.actions.LoginfailOperate.getLoginName(LoginfailOperate.java:50)
	at com.liangxin.actions.LoginfailOperate.getLoginName(LoginfailOperate.java:50)
	at com.liangxin.actions.LoginfailOperate.getLoginName(LoginfailOperate.java:50)
	at com.liangxin.actions.LoginfailOperate.getLoginName(LoginfailOperate.java:50)
	at com.liangxin.actions.LoginfailOperate.getLoginName(LoginfailOperate.java:50)
	at com.liangxin.actions.LoginfailOperate.getLoginName(LoginfailOperate.java:50)
	at com.liangxin.actions.LoginfailOperate.getLoginName(LoginfailOperate.java:50)
	at com.liangxin.actions.LoginfailOperate.getLoginName(LoginfailOperate.java:50)
	at com.liangxin.actions.LoginfailOperate.getLoginName(LoginfailOperate.java:50)
	at com.liangxin.actions.LoginfailOperate.getLoginName(LoginfailOperate.java:50)
	at com.liangxin.actions.LoginfailOperate.getLoginName(LoginfailOperate.java:50)
	at com.liangxin.actions.LoginfailOperate.getLoginName(LoginfailOperate.java:50)
	at com.liangxin.actions.LoginfailOperate.getLoginName(LoginfailOperate.java:50)
	at com.liangxin.actions.LoginfailOperate.getLoginName(LoginfailOperate.java:50)
	at com.liangxin.actions.LoginfailOperate.getLoginName(LoginfailOperate.java:50)
	at com.liangxin.actions.LoginfailOperate.getLoginName(LoginfailOperate.java:50)
	at com.liangxin.actions.LoginfailOperate.getLoginName(LoginfailOperate.java:50)
	at com.liangxin.actions.LoginfailOperate.getLoginName(LoginfailOperate.java:50)
	at com.liangxin.actions.LoginfailOperate.getLoginName(LoginfailOperate.java:50)
	at com.liangxin.actions.LoginfailOperate.getLoginName(LoginfailOperate.java:50)
	at com.liangxin.actions.LoginfailOperate.getLoginName(LoginfailOperate.java:50)
	at com.liangxin.actions.LoginfailOperate.getLoginName(LoginfailOperate.java:50)
	at com.liangxin.actions.LoginfailOperate.getLoginName(LoginfailOperate.java:50)
	at com.liangxin.actions.LoginfailOperate.getLoginName(LoginfailOperate.java:50)
	at com.liangxin.actions.LoginfailOperate.getLoginName(LoginfailOperate.java:50)
	at com.liangxin.actions.LoginfailOperate.getLoginName(LoginfailOperate.java:50)
	at com.liangxin.actions.LoginfailOperate.getLoginName(LoginfailOperate.java:50)
	at com.liangxin.actions.LoginfailOperate.getLoginName(LoginfailOperate.java:50)
	at com.liangxin.actions.LoginfailOperate.getLoginName(LoginfailOperate.java:50)
	at com.liangxin.actions.LoginfailOperate.getLoginName(LoginfailOperate.java:50)
	at com.liangxin.actions.LoginfailOperate.getLoginName(LoginfailOperate.java:50)
	at com.liangxin.actions.LoginfailOperate.getLoginName(LoginfailOperate.java:50)
	at com.liangxin.actions.LoginfailOperate.getLoginName(LoginfailOperate.java:50)
	at com.liangxin.actions.LoginfailOperate.getLoginName(LoginfailOperate.java:50)
	at com.liangxin.actions.LoginfailOperate.getLoginName(LoginfailOperate.java:50)
	at com.liangxin.actions.LoginfailOperate.getLoginName(LoginfailOperate.java:50)
	at com.liangxin.actions.LoginfailOperate.getLoginName(LoginfailOperate.java:50)
	at com.liangxin.actions.LoginfailOperate.getLoginName(LoginfailOperate.java:50)
	at com.liangxin.actions.LoginfailOperate.getLoginName(LoginfailOperate.java:50)
	at com.liangxin.actions.LoginfailOperate.getLoginName(LoginfailOperate.java:50)
	at com.liangxin.actions.LoginfailOperate.getLoginName(LoginfailOperate.java:50)
	at com.liangxin.actions.LoginfailOperate.getLoginName(LoginfailOperate.java:50)
	at com.liangxin.actions.LoginfailOperate.getLoginName(LoginfailOperate.java:50)
	at com.liangxin.actions.LoginfailOperate.getLoginName(LoginfailOperate.java:50)
	at com.liangxin.actions.LoginfailOperate.getLoginName(LoginfailOperate.java:50)
	at com.liangxin.actions.LoginfailOperate.getLoginName(LoginfailOperate.java:50)
	at com.liangxin.actions.LoginfailOperate.getLoginName(LoginfailOperate.java:50)
	at com.liangxin.actions.LoginfailOperate.getLoginName(LoginfailOperate.java:50)
	at com.liangxin.actions.LoginfailOperate.getLoginName(LoginfailOperate.java:50)
	at com.liangxin.actions.LoginfailOperate.getLoginName(LoginfailOperate.java:50)
	at com.liangxin.actions.LoginfailOperate.getLoginName(LoginfailOperate.java:50)
	at com.liangxin.actions.LoginfailOperate.getLoginName(LoginfailOperate.java:50)
	at com.liangxin.actions.LoginfailOperate.getLoginName(LoginfailOperate.java:50)
	at com.liangxin.actions.LoginfailOperate.getLoginName(LoginfailOperate.java:50)
	at com.liangxin.actions.LoginfailOperate.getLoginName(LoginfailOperate.java:50)
	at com.liangxin.actions.LoginfailOperate.getLoginName(LoginfailOperate.java:50)
	at com.liangxin.actions.LoginfailOperate.getLoginName(LoginfailOperate.java:50)
	at com.liangxin.actions.LoginfailOperate.getLoginName(LoginfailOperate.java:50)
	at com.liangxin.actions.LoginfailOperate.getLoginName(LoginfailOperate.java:50)
	at com.liangxin.actions.LoginfailOperate.getLoginName(LoginfailOperate.java:50)
	at com.liangxin.actions.LoginfailOperate.getLoginName(LoginfailOperate.java:50)
	at com.liangxin.actions.LoginfailOperate.getLoginName(LoginfailOperate.java:50)
	at com.liangxin.actions.LoginfailOperate.getLoginName(LoginfailOperate.java:50)
	at com.liangxin.actions.LoginfailOperate.getLoginName(LoginfailOperate.java:50)
	at com.liangxin.actions.LoginfailOperate.getLoginName(LoginfailOperate.java:50)
	at com.liangxin.actions.LoginfailOperate.getLoginName(LoginfailOperate.java:50)
	at com.liangxin.actions.LoginfailOperate.getLoginName(LoginfailOperate.java:50)
	at com.liangxin.actions.LoginfailOperate.getLoginName(LoginfailOperate.java:50)
	at com.liangxin.actions.LoginfailOperate.getLoginName(LoginfailOperate.java:50)
	at com.liangxin.actions.LoginfailOperate.getLoginName(LoginfailOperate.java:50)
	at com.liangxin.actions.LoginfailOperate.getLoginName(LoginfailOperate.java:50)
	at com.liangxin.actions.LoginfailOperate.getLoginName(LoginfailOperate.java:50)
	at com.liangxin.actions.LoginfailOperate.getLoginName(LoginfailOperate.java:50)
	at com.liangxin.actions.LoginfailOperate.getLoginName(LoginfailOperate.java:50)
	at com.liangxin.actions.LoginfailOperate.getLoginName(LoginfailOperate.java:50)
	at com.liangxin.actions.LoginfailOperate.getLoginName(LoginfailOperate.java:50)
	at com.liangxin.actions.LoginfailOperate.getLoginName(LoginfailOperate.java:50)
	at com.liangxin.actions.LoginfailOperate.getLoginName(LoginfailOperate.java:50)
	at com.liangxin.actions.LoginfailOperate.getLoginName(LoginfailOperate.java:50)
	at com.liangxin.actions.LoginfailOperate.getLoginName(LoginfailOperate.java:50)
	at com.liangxin.actions.LoginfailOperate.getLoginName(LoginfailOperate.java:50)
	at com.liangxin.actions.LoginfailOperate.getLoginName(LoginfailOperate.java:50)
	at com.liangxin.actions.LoginfailOperate.getLoginName(LoginfailOperate.java:50)
	at com.liangxin.actions.LoginfailOperate.getLoginName(LoginfailOperate.java:50)
	at com.liangxin.actions.LoginfailOperate.getLoginName(LoginfailOperate.java:50)
	at com.liangxin.actions.LoginfailOperate.getLoginName(LoginfailOperate.java:50)
	at com.liangxin.actions.LoginfailOperate.getLoginName(LoginfailOperate.java:50)
	at com.liangxin.actions.LoginfailOperate.getLoginName(LoginfailOperate.java:50)
	at com.liangxin.actions.LoginfailOperate.getLoginName(LoginfailOperate.java:50)
	at com.liangxin.actions.LoginfailOperate.getLoginName(LoginfailOperate.java:50)
	at com.liangxin.actions.LoginfailOperate.getLoginName(LoginfailOperate.java:50)
	at com.liangxin.actions.LoginfailOperate.getLoginName(LoginfailOperate.java:50)
	at com.liangxin.actions.LoginfailOperate.getLoginName(LoginfailOperate.java:50)
	at com.liangxin.actions.LoginfailOperate.getLoginName(LoginfailOperate.java:50)
	at com.liangxin.actions.LoginfailOperate.getLoginName(LoginfailOperate.java:50)
	at com.liangxin.actions.LoginfailOperate.getLoginName(LoginfailOperate.java:50)
	at com.liangxin.actions.LoginfailOperate.getLoginName(LoginfailOperate.java:50)
	at com.liangxin.actions.LoginfailOperate.getLoginName(LoginfailOperate.java:50)
	at com.liangxin.actions.LoginfailOperate.getLoginName(LoginfailOperate.java:50)
	at com.liangxin.actions.LoginfailOperate.getLoginName(LoginfailOperate.java:50)
	at com.liangxin.actions.LoginfailOperate.getLoginName(LoginfailOperate.java:50)
	at com.liangxin.actions.LoginfailOperate.getLoginName(LoginfailOperate.java:50)
	at com.liangxin.actions.LoginfailOperate.getLoginName(LoginfailOperate.java:50)
	at com.liangxin.actions.LoginfailOperate.getLoginName(LoginfailOperate.java:50)
	at com.liangxin.actions.LoginfailOperate.getLoginName(LoginfailOperate.java:50)
	at com.liangxin.actions.LoginfailOperate.getLoginName(LoginfailOperate.java:50)
	at com.liangxin.actions.LoginfailOperate.getLoginName(LoginfailOperate.java:50)
	at com.liangxin.actions.LoginfailOperate.getLoginName(LoginfailOperate.java:50)
	at com.liangxin.actions.LoginfailOperate.getLoginName(LoginfailOperate.java:50)
	at com.liangxin.actions.LoginfailOperate.getLoginName(LoginfailOperate.java:50)
	at com.liangxin.actions.LoginfailOperate.getLoginName(LoginfailOperate.java:50)
	at com.liangxin.actions.LoginfailOperate.getLoginName(LoginfailOperate.java:50)
	at com.liangxin.actions.LoginfailOperate.getLoginName(LoginfailOperate.java:50)
	at com.liangxin.actions.LoginfailOperate.getLoginName(LoginfailOperate.java:50)
	at com.liangxin.actions.LoginfailOperate.getLoginName(LoginfailOperate.java:50)
	at com.liangxin.actions.LoginfailOperate.getLoginName(LoginfailOperate.java:50)
	at com.liangxin.actions.LoginfailOperate.getLoginName(LoginfailOperate.java:50)
	at com.liangxin.actions.LoginfailOperate.getLoginName(LoginfailOperate.java:50)
	at com.liangxin.actions.LoginfailOperate.getLoginName(LoginfailOperate.java:50)
	at com.liangxin.actions.LoginfailOperate.getLoginName(LoginfailOperate.java:50)
	at com.liangxin.actions.LoginfailOperate.getLoginName(LoginfailOperate.java:50)
	at com.liangxin.actions.LoginfailOperate.getLoginName(LoginfailOperate.java:50)
	at com.liangxin.actions.LoginfailOperate.getLoginName(LoginfailOperate.java:50)
	at com.liangxin.actions.LoginfailOperate.getLoginName(LoginfailOperate.java:50)
	at com.liangxin.actions.LoginfailOperate.getLoginName(LoginfailOperate.java:50)
	at com.liangxin.actions.LoginfailOperate.getLoginName(LoginfailOperate.java:50)
	at com.liangxin.actions.LoginfailOperate.getLoginName(LoginfailOperate.java:50)
	at com.liangxin.actions.LoginfailOperate.getLoginName(LoginfailOperate.java:50)
	at com.liangxin.actions.LoginfailOperate.getLoginName(LoginfailOperate.java:50)
	at com.liangxin.actions.LoginfailOperate.getLoginName(LoginfailOperate.java:50)
	at com.liangxin.actions.LoginfailOperate.getLoginName(LoginfailOperate.java:50)
	at com.liangxin.actions.LoginfailOperate.getLoginName(LoginfailOperate.java:50)
	at com.liangxin.actions.LoginfailOperate.getLoginName(LoginfailOperate.java:50)
	at com.liangxin.actions.LoginfailOperate.getLoginName(LoginfailOperate.java:50)
	at com.liangxin.actions.LoginfailOperate.getLoginName(LoginfailOperate.java:50)
	at com.liangxin.actions.LoginfailOperate.getLoginName(LoginfailOperate.java:50)
	at com.liangxin.actions.LoginfailOperate.getLoginName(LoginfailOperate.java:50)
	at com.liangxin.actions.LoginfailOperate.getLoginName(LoginfailOperate.java:50)
	at com.liangxin.actions.LoginfailOperate.getLoginName(LoginfailOperate.java:50)
	at com.liangxin.actions.LoginfailOperate.getLoginName(LoginfailOperate.java:50)
	at com.liangxin.actions.LoginfailOperate.getLoginName(LoginfailOperate.java:50)
	at com.liangxin.actions.LoginfailOperate.getLoginName(LoginfailOperate.java:50)
	at com.liangxin.actions.LoginfailOperate.getLoginName(LoginfailOperate.java:50)
	at com.liangxin.actions.LoginfailOperate.getLoginName(LoginfailOperate.java:50)
	at com.liangxin.actions.LoginfailOperate.getLoginName(LoginfailOperate.java:50)
	at com.liangxin.actions.LoginfailOperate.getLoginName(LoginfailOperate.java:50)
	at com.liangxin.actions.LoginfailOperate.getLoginName(LoginfailOperate.java:50)
	at com.liangxin.actions.LoginfailOperate.getLoginName(LoginfailOperate.java:50)
	at com.liangxin.actions.LoginfailOperate.getLoginName(LoginfailOperate.java:50)
	at com.liangxin.actions.LoginfailOperate.getLoginName(LoginfailOperate.java:50)
	at com.liangxin.actions.LoginfailOperate.getLoginName(LoginfailOperate.java:50)
	at com.liangxin.actions.LoginfailOperate.getLoginName(LoginfailOperate.java:50)
	at com.liangxin.actions.LoginfailOperate.getLoginName(LoginfailOperate.java:50)
	at com.liangxin.actions.LoginfailOperate.getLoginName(LoginfailOperate.java:50)
	at com.liangxin.actions.LoginfailOperate.getLoginName(LoginfailOperate.java:50)
	at com.liangxin.actions.LoginfailOperate.getLoginName(LoginfailOperate.java:50)
	at com.liangxin.actions.LoginfailOperate.getLoginName(LoginfailOperate.java:50)
	at com.liangxin.actions.LoginfailOperate.getLoginName(LoginfailOperate.java:50)
	at com.liangxin.actions.LoginfailOperate.getLoginName(LoginfailOperate.java:50)
	at com.liangxin.actions.LoginfailOperate.getLoginName(LoginfailOperate.java:50)
	at com.liangxin.actions.LoginfailOperate.getLoginName(LoginfailOperate.java:50)
	at com.liangxin.actions.LoginfailOperate.getLoginName(LoginfailOperate.java:50)
	at com.liangxin.actions.LoginfailOperate.getLoginName(LoginfailOperate.java:50)
	at com.liangxin.actions.LoginfailOperate.getLoginName(LoginfailOperate.java:50)
	at com.liangxin.actions.LoginfailOperate.getLoginName(LoginfailOperate.java:50)
	at com.liangxin.actions.LoginfailOperate.getLoginName(LoginfailOperate.java:50)
	at com.liangxin.actions.LoginfailOperate.getLoginName(LoginfailOperate.java:50)
	at com.liangxin.actions.LoginfailOperate.getLoginName(LoginfailOperate.java:50)
	at com.liangxin.actions.LoginfailOperate.getLoginName(LoginfailOperate.java:50)
	at com.liangxin.actions.LoginfailOperate.getLoginName(LoginfailOperate.java:50)
	at com.liangxin.actions.LoginfailOperate.getLoginName(LoginfailOperate.java:50)
	at com.liangxin.actions.LoginfailOperate.getLoginName(LoginfailOperate.java:50)
	at com.liangxin.actions.LoginfailOperate.getLoginName(LoginfailOperate.java:50)
	at com.liangxin.actions.LoginfailOperate.getLoginName(LoginfailOperate.java:50)
	at com.liangxin.actions.LoginfailOperate.getLoginName(LoginfailOperate.java:50)
	at com.liangxin.actions.LoginfailOperate.getLoginName(LoginfailOperate.java:50)
	at com.liangxin.actions.LoginfailOperate.getLoginName(LoginfailOperate.java:50)
	at com.liangxin.actions.LoginfailOperate.getLoginName(LoginfailOperate.java:50)
	at com.liangxin.actions.LoginfailOperate.getLoginName(LoginfailOperate.java:50)
	at com.liangxin.actions.LoginfailOperate.getLoginName(LoginfailOperate.java:50)
	at com.liangxin.actions.LoginfailOperate.getLoginName(LoginfailOperate.java:50)
	at com.liangxin.actions.LoginfailOperate.getLoginName(LoginfailOperate.java:50)
	at com.liangxin.actions.LoginfailOperate.getLoginName(LoginfailOperate.java:50)
	at com.liangxin.actions.LoginfailOperate.getLoginName(LoginfailOperate.java:50)
	at com.liangxin.actions.LoginfailOperate.getLoginName(LoginfailOperate.java:50)
	at com.liangxin.actions.LoginfailOperate.getLoginName(LoginfailOperate.java:50)
	at com.liangxin.actions.LoginfailOperate.getLoginName(LoginfailOperate.java:50)
	at com.liangxin.actions.LoginfailOperate.getLoginName(LoginfailOperate.java:50)
	at com.liangxin.actions.LoginfailOperate.getLoginName(LoginfailOperate.java:50)
	at com.liangxin.actions.LoginfailOperate.getLoginName(LoginfailOperate.java:50)
	at com.liangxin.actions.LoginfailOperate.getLoginName(LoginfailOperate.java:50)
	at com.liangxin.actions.LoginfailOperate.getLoginName(LoginfailOperate.java:50)
	at com.liangxin.actions.LoginfailOperate.getLoginName(LoginfailOperate.java:50)
	at com.liangxin.actions.LoginfailOperate.getLoginName(LoginfailOperate.java:50)
	at com.liangxin.actions.LoginfailOperate.getLoginName(LoginfailOperate.java:50)
	at com.liangxin.actions.LoginfailOperate.getLoginName(LoginfailOperate.java:50)
	at com.liangxin.actions.LoginfailOperate.getLoginName(LoginfailOperate.java:50)
	at com.liangxin.actions.LoginfailOperate.getLoginName(LoginfailOperate.java:50)
	at com.liangxin.actions.LoginfailOperate.getLoginName(LoginfailOperate.java:50)
	at com.liangxin.actions.LoginfailOperate.getLoginName(LoginfailOperate.java:50)
	at com.liangxin.actions.LoginfailOperate.getLoginName(LoginfailOperate.java:50)
	at com.liangxin.actions.LoginfailOperate.getLoginName(LoginfailOperate.java:50)
	at com.liangxin.actions.LoginfailOperate.getLoginName(LoginfailOperate.java:50)
	at com.liangxin.actions.LoginfailOperate.getLoginName(LoginfailOperate.java:50)
	at com.liangxin.actions.LoginfailOperate.getLoginName(LoginfailOperate.java:50)
	at com.liangxin.actions.LoginfailOperate.getLoginName(LoginfailOperate.java:50)
	at com.liangxin.actions.LoginfailOperate.getLoginName(LoginfailOperate.java:50)
	at com.liangxin.actions.LoginfailOperate.getLoginName(LoginfailOperate.java:50)
	at com.liangxin.actions.LoginfailOperate.getLoginName(LoginfailOperate.java:50)
	at com.liangxin.actions.LoginfailOperate.getLoginName(LoginfailOperate.java:50)
	at com.liangxin.actions.LoginfailOperate.getLoginName(LoginfailOperate.java:50)
	at com.liangxin.actions.LoginfailOperate.getLoginName(LoginfailOperate.java:50)
	at com.liangxin.actions.LoginfailOperate.getLoginName(LoginfailOperate.java:50)
]]>
    </error>
  </testcase> <!-- faillodinTest01 -->
</testsuite> <!-- com.liangxin.testcase.loginTest -->
