<?xml version="1.0" encoding="UTF-8"?>
<!-- Generated by org.testng.reporters.JUnitReportReporter -->
<testsuite name="com.first.testcase.loginTest" tests="2" time="42.863" ignored="0" failures="0" timestamp="23 十月 2017 10:32:04 GMT" skipped="0" hostname="LenovoPC" errors="0">
  <testcase name="lodinTest01" time="11.139" classname="com.first.testcase.loginTest"/>
  <testcase name="faillodinTest01" time="31.724" classname="com.first.testcase.loginTest"/>
</testsuite> <!-- com.first.testcase.loginTest -->
