<?xml version="1.0" encoding="UTF-8"?>
<!-- Generated by org.testng.reporters.JUnitReportReporter -->
<testsuite name="com.liangxin.cdtest.loginTest" tests="2" time="54.284" ignored="0" failures="0" timestamp="23 十月 2017 06:06:06 GMT" skipped="0" hostname="LenovoPC" errors="0">
  <testcase name="faillodinTest01" time="47.198" classname="com.liangxin.cdtest.loginTest"/>
  <testcase name="lodinTest01" time="7.086" classname="com.liangxin.cdtest.loginTest"/>
</testsuite> <!-- com.liangxin.cdtest.loginTest -->
